<?xml version="1.0" encoding="utf-8"?><testsuites name="pytest tests"><testsuite name="pytest" errors="0" failures="0" skipped="0" tests="26" time="2.265" timestamp="2026-03-15T10:06:55.053790+00:00" hostname="agent-env-2c2ce6c9-02d5-44cc-b72d-7e9558a290e1"><testcase classname="backend.tests.test_analytics_360.TestAccessControl" name="test_no_auth_returns_401" time="0.115" /><testcase classname="backend.tests.test_analytics_360.TestAccessControl" name="test_non_admin_returns_403" time="0.456" /><testcase classname="backend.tests.test_analytics_360.TestAccessControl" name="test_admin_returns_200" time="0.448" /><testcase classname="backend.tests.test_analytics_360.TestAccessControl" name="test_csv_export_no_auth_fails" time="0.095" /><testcase classname="backend.tests.test_analytics_360.TestResponseStructure" name="test_has_high_level" time="0.107" /><testcase classname="backend.tests.test_analytics_360.TestResponseStructure" name="test_has_real_users_360" time="0.000" /><testcase classname="backend.tests.test_analytics_360.TestResponseStructure" name="test_has_funnel" time="0.000" /><testcase classname="backend.tests.test_analytics_360.TestResponseStructure" name="test_has_dau_7d" time="0.000" /><testcase classname="backend.tests.test_analytics_360.TestResponseStructure" name="test_has_top_actions" time="0.000" /><testcase classname="backend.tests.test_analytics_360.TestResponseStructure" name="test_has_monetization" time="0.000" /><testcase classname="backend.tests.test_analytics_360.TestResponseStructure" name="test_has_generated_at" time="0.000" /><testcase classname="backend.tests.test_analytics_360.TestHighLevelData" name="test_real_users_count_positive" time="0.111" /><testcase classname="backend.tests.test_analytics_360.TestHighLevelData" name="test_real_users_count_less_than_total" time="0.000" /><testcase classname="backend.tests.test_analytics_360.TestHighLevelData" name="test_test_seed_admin_count_positive" time="0.000" /><testcase classname="backend.tests.test_analytics_360.TestHighLevelData" name="test_activation_rate_is_percentage" time="0.000" /><testcase classname="backend.tests.test_analytics_360.TestHighLevelData" name="test_required_high_level_fields" time="0.000" /><testcase classname="backend.tests.test_analytics_360.TestHighLevelData" name="test_admin_email_excluded_from_real_users" time="0.116" /><testcase classname="backend.tests.test_analytics_360.TestHighLevelData" name="test_free11test_emails_excluded" time="0.110" /><testcase classname="backend.tests.test_analytics_360.TestFunnelData" name="test_funnel_has_6_stages" time="0.110" /><testcase classname="backend.tests.test_analytics_360.TestFunnelData" name="test_funnel_stages_have_required_fields" time="0.000" /><testcase classname="backend.tests.test_analytics_360.TestFunnelData" name="test_funnel_registered_is_first" time="0.000" /><testcase classname="backend.tests.test_analytics_360.TestCSVExport" name="test_csv_returns_200_for_admin" time="0.103" /><testcase classname="backend.tests.test_analytics_360.TestCSVExport" name="test_csv_content_type" time="0.101" /><testcase classname="backend.tests.test_analytics_360.TestCSVExport" name="test_csv_has_header_row" time="0.113" /><testcase classname="backend.tests.test_analytics_360.TestCSVExport" name="test_csv_no_admin_emails" time="0.108" /><testcase classname="backend.tests.test_analytics_360.TestCSVExport" name="test_csv_has_content_disposition" time="0.109" /></testsuite></testsuites>