<?xml version="1.0" encoding="utf-8"?><testsuites name="pytest tests"><testsuite name="pytest" errors="0" failures="6" skipped="1" tests="32" time="14.599" timestamp="2026-03-10T14:58:53.835778+00:00" hostname="agent-env-7848e4ed-912b-496f-a5a0-0e8a6e7c8e6e"><testcase classname="backend.tests.test_comprehensive_audit_45.TestAPIHealth" name="test_health_ok" time="0.970" /><testcase classname="backend.tests.test_comprehensive_audit_45.TestAuth" name="test_login_valid" time="0.344" /><testcase classname="backend.tests.test_comprehensive_audit_45.TestAuth" name="test_login_wrong_password" time="0.341" /><testcase classname="backend.tests.test_comprehensive_audit_45.TestAuth" name="test_login_nonexistent_user" time="0.123" /><testcase classname="backend.tests.test_comprehensive_audit_45.TestAuth" name="test_admin_login" time="0.344" /><testcase classname="backend.tests.test_comprehensive_audit_45.TestAuth" name="test_protected_route_requires_auth" time="0.134" /><testcase classname="backend.tests.test_comprehensive_audit_45.TestAuth" name="test_me_endpoint" time="0.507" /><testcase classname="backend.tests.test_comprehensive_audit_45.TestLedger" name="test_ledger_balance_returns_number" time="0.464" /><testcase classname="backend.tests.test_comprehensive_audit_45.TestLedger" name="test_ledger_history_has_entries" time="0.496" /><testcase classname="backend.tests.test_comprehensive_audit_45.TestLedger" name="test_ledger_balance_matches_me_endpoint" time="0.572" /><testcase classname="backend.tests.test_comprehensive_audit_45.TestLedger" name="test_ledger_entries_have_required_fields" time="0.456" /><testcase classname="backend.tests.test_comprehensive_audit_45.TestLeaderboard" name="test_global_leaderboard_loads" time="0.554" /><testcase classname="backend.tests.test_comprehensive_audit_45.TestLeaderboard" name="test_leaderboard_no_trademark_names" time="0.449" /><testcase classname="backend.tests.test_comprehensive_audit_45.TestLeaderboard" name="test_weekly_leaderboard_loads" time="0.491" /><testcase classname="backend.tests.test_comprehensive_audit_45.TestLeaderboard" name="test_streak_leaderboard_loads" time="0.550" /><testcase classname="backend.tests.test_comprehensive_audit_45.TestShop" name="test_shop_skus_load" time="0.466" /><testcase classname="backend.tests.test_comprehensive_audit_45.TestShop" name="test_router_tease_works" time="0.464"><skipped type="pytest.skip" message="No SKU ID found">/app/backend/tests/test_comprehensive_audit_45.py:244: No SKU ID found</skipped></testcase><testcase classname="backend.tests.test_comprehensive_audit_45.TestMissions" name="test_tasks_or_missions_load" time="0.525" /><testcase classname="backend.tests.test_comprehensive_audit_45.TestMissions" name="test_daily_checkin" time="0.456"><failure message="AssertionError: Checkin failed: 404: {&quot;detail&quot;:&quot;Not Found&quot;}&#10;assert 404 in (200, 400, 409)&#10; +  where 404 = &lt;Response [404]&gt;.status_code">backend/tests/test_comprehensive_audit_45.py:275: in test_daily_checkin
    assert res.status_code in (200, 400, 409), f"Checkin failed: {res.status_code}: {res.text}"
E   AssertionError: Checkin failed: 404: {"detail":"Not Found"}
E   assert 404 in (200, 400, 409)
E    +  where 404 = &lt;Response [404]&gt;.status_code</failure></testcase><testcase classname="backend.tests.test_comprehensive_audit_45.TestMissions" name="test_spin_wheel_can_check" time="0.465" /><testcase classname="backend.tests.test_comprehensive_audit_45.TestPredictions" name="test_matches_endpoint" time="0.481"><failure message="AssertionError: Matches failed: 404: {&quot;detail&quot;:&quot;Not Found&quot;}&#10;assert 404 in (200, 204)&#10; +  where 404 = &lt;Response [404]&gt;.status_code">backend/tests/test_comprehensive_audit_45.py:299: in test_matches_endpoint
    assert res.status_code in (200, 204), f"Matches failed: {res.status_code}: {res.text}"
E   AssertionError: Matches failed: 404: {"detail":"Not Found"}
E   assert 404 in (200, 204)
E    +  where 404 = &lt;Response [404]&gt;.status_code</failure></testcase><testcase classname="backend.tests.test_comprehensive_audit_45.TestPredictions" name="test_my_predictions" time="0.452"><failure message="AssertionError: My predictions failed: 404&#10;assert 404 == 200&#10; +  where 404 = &lt;Response [404]&gt;.status_code">backend/tests/test_comprehensive_audit_45.py:309: in test_my_predictions
    assert res.status_code == 200, f"My predictions failed: {res.status_code}"
E   AssertionError: My predictions failed: 404
E   assert 404 == 200
E    +  where 404 = &lt;Response [404]&gt;.status_code</failure></testcase><testcase classname="backend.tests.test_comprehensive_audit_45.TestPredictions" name="test_predict_endpoint_structure" time="0.466"><failure message="AssertionError: Upcoming failed: 404&#10;assert 404 in (200, 204)&#10; +  where 404 = &lt;Response [404]&gt;.status_code">backend/tests/test_comprehensive_audit_45.py:320: in test_predict_endpoint_structure
    assert res.status_code in (200, 204), f"Upcoming failed: {res.status_code}"
E   AssertionError: Upcoming failed: 404
E   assert 404 in (200, 204)
E    +  where 404 = &lt;Response [404]&gt;.status_code</failure></testcase><testcase classname="backend.tests.test_comprehensive_audit_45.TestProfile" name="test_profile_has_coins_balance" time="0.475" /><testcase classname="backend.tests.test_comprehensive_audit_45.TestProfile" name="test_demand_progress" time="0.456"><failure message="AssertionError: Demand progress failed: 404&#10;assert 404 == 200&#10; +  where 404 = &lt;Response [404]&gt;.status_code">backend/tests/test_comprehensive_audit_45.py:349: in test_demand_progress
    assert res.status_code == 200, f"Demand progress failed: {res.status_code}"
E   AssertionError: Demand progress failed: 404
E   assert 404 == 200
E    +  where 404 = &lt;Response [404]&gt;.status_code</failure></testcase><testcase classname="backend.tests.test_comprehensive_audit_45.TestLegalBackend" name="test_faq_endpoint" time="0.116" /><testcase classname="backend.tests.test_comprehensive_audit_45.TestLegalBackend" name="test_no_ipl_in_api_responses" time="0.464" /><testcase classname="backend.tests.test_comprehensive_audit_45.TestAdmin" name="test_admin_login_and_access" time="0.465" /><testcase classname="backend.tests.test_comprehensive_audit_45.TestAdmin" name="test_non_admin_cannot_access_admin" time="0.458" /><testcase classname="backend.tests.test_comprehensive_audit_45.TestCompliance" name="test_no_pepsi_parle_in_contesthub_api" time="0.504"><failure message="AssertionError: Found 'pepsi' in SKUs response&#10;assert 'pepsi' not in '[{&quot;sku&quot;:&quot;at...rice&quot;:1169}]'&#10;  &#10;  'pepsi' is contained here:&#10;  ?                                                                                                                                                                                                                                                                                                                                                                                                                                                                                                                                                                               ^^^^^^^^^^^...&#10;  &#10;  ...Full output truncated (3 lines hidden), use '-vv' to show">backend/tests/test_comprehensive_audit_45.py:416: in test_no_pepsi_parle_in_contesthub_api
    assert "pepsi" not in text, "Found 'pepsi' in SKUs response"
E   AssertionError: Found 'pepsi' in SKUs response
E   assert 'pepsi' not in '[{"sku":"at...rice":1169}]'
E     
E     'pepsi' is contained here:
E     ?                                                                                                                                                                                                                                                                                                                                                                                                                                                                                                                                                                               ^^^^^^^^^^^...
E     
E     ...Full output truncated (3 lines hidden), use '-vv' to show</failure></testcase><testcase classname="backend.tests.test_comprehensive_audit_45.TestCompliance" name="test_t20_branding_in_api" time="0.467" /><testcase classname="backend.tests.test_comprehensive_audit_45.TestCompliance" name="test_sponsored_pools_no_trademark" time="0.459" /></testsuite></testsuites>