<?xml version="1.0" encoding="utf-8"?><testsuites name="pytest tests"><testsuite name="pytest" errors="0" failures="0" skipped="0" tests="17" time="8.620" timestamp="2026-03-10T09:28:36.535583+00:00" hostname="agent-env-5f6cf3f3-fcfa-483c-ae66-e58ef2b1a550"><testcase classname="backend.tests.test_auth_signin_flow.TestSendOTP" name="test_send_otp_new_email_returns_sent_true" time="0.354" /><testcase classname="backend.tests.test_auth_signin_flow.TestSendOTP" name="test_send_otp_existing_email_returns_sent_true" time="1.284" /><testcase classname="backend.tests.test_auth_signin_flow.TestSendOTP" name="test_send_otp_invalid_email_format_returns_error" time="0.110" /><testcase classname="backend.tests.test_auth_signin_flow.TestSendOTP" name="test_send_otp_response_has_email_field" time="0.283" /><testcase classname="backend.tests.test_auth_signin_flow.TestVerifyOTPRegister" name="test_verify_otp_register_new_user_returns_access_token" time="0.886" /><testcase classname="backend.tests.test_auth_signin_flow.TestVerifyOTPRegister" name="test_verify_otp_register_existing_user_returns_access_token" time="1.130" /><testcase classname="backend.tests.test_auth_signin_flow.TestVerifyOTPRegister" name="test_verify_otp_register_wrong_otp_returns_400" time="0.539" /><testcase classname="backend.tests.test_auth_signin_flow.TestVerifyOTPRegister" name="test_verify_otp_register_no_otp_requested_returns_400" time="0.112" /><testcase classname="backend.tests.test_auth_signin_flow.TestVerifyOTPRegister" name="test_verify_otp_register_response_structure" time="0.929" /><testcase classname="backend.tests.test_auth_signin_flow.TestVerifyOTPRegister" name="test_verify_otp_register_token_works_with_auth_me" time="1.043" /><testcase classname="backend.tests.test_auth_signin_flow.TestStandardLogin" name="test_login_existing_user_success" time="0.329" /><testcase classname="backend.tests.test_auth_signin_flow.TestStandardLogin" name="test_login_wrong_password_returns_401" time="0.333" /><testcase classname="backend.tests.test_auth_signin_flow.TestStandardLogin" name="test_login_nonexistent_user_returns_401" time="0.109" /><testcase classname="backend.tests.test_auth_signin_flow.TestStandardLogin" name="test_login_response_has_access_token_and_user" time="0.327" /><testcase classname="backend.tests.test_auth_signin_flow.TestStandardLogin" name="test_login_token_works_with_auth_me" time="0.434" /><testcase classname="backend.tests.test_auth_signin_flow.TestAuthMe" name="test_auth_me_without_token_returns_401" time="0.102" /><testcase classname="backend.tests.test_auth_signin_flow.TestAuthMe" name="test_auth_me_with_invalid_token_returns_401" time="0.110" /></testsuite></testsuites>