<?xml version="1.0" encoding="utf-8"?><testsuites name="pytest tests"><testsuite name="pytest" errors="0" failures="0" skipped="0" tests="17" time="8.514" timestamp="2026-03-10T08:54:49.095659+00:00" hostname="agent-env-5f6cf3f3-fcfa-483c-ae66-e58ef2b1a550"><testcase classname="backend.tests.test_auth_signin_flow.TestSendOTP" name="test_send_otp_new_email_returns_sent_true" time="0.427" /><testcase classname="backend.tests.test_auth_signin_flow.TestSendOTP" name="test_send_otp_existing_email_returns_sent_true" time="1.331" /><testcase classname="backend.tests.test_auth_signin_flow.TestSendOTP" name="test_send_otp_invalid_email_format_returns_error" time="0.120" /><testcase classname="backend.tests.test_auth_signin_flow.TestSendOTP" name="test_send_otp_response_has_email_field" time="0.261" /><testcase classname="backend.tests.test_auth_signin_flow.TestVerifyOTPRegister" name="test_verify_otp_register_new_user_returns_access_token" time="1.039" /><testcase classname="backend.tests.test_auth_signin_flow.TestVerifyOTPRegister" name="test_verify_otp_register_existing_user_returns_access_token" time="0.904" /><testcase classname="backend.tests.test_auth_signin_flow.TestVerifyOTPRegister" name="test_verify_otp_register_wrong_otp_returns_400" time="0.437" /><testcase classname="backend.tests.test_auth_signin_flow.TestVerifyOTPRegister" name="test_verify_otp_register_no_otp_requested_returns_400" time="0.100" /><testcase classname="backend.tests.test_auth_signin_flow.TestVerifyOTPRegister" name="test_verify_otp_register_response_structure" time="0.926" /><testcase classname="backend.tests.test_auth_signin_flow.TestVerifyOTPRegister" name="test_verify_otp_register_token_works_with_auth_me" time="1.021" /><testcase classname="backend.tests.test_auth_signin_flow.TestStandardLogin" name="test_login_existing_user_success" time="0.336" /><testcase classname="backend.tests.test_auth_signin_flow.TestStandardLogin" name="test_login_wrong_password_returns_401" time="0.327" /><testcase classname="backend.tests.test_auth_signin_flow.TestStandardLogin" name="test_login_nonexistent_user_returns_401" time="0.104" /><testcase classname="backend.tests.test_auth_signin_flow.TestStandardLogin" name="test_login_response_has_access_token_and_user" time="0.326" /><testcase classname="backend.tests.test_auth_signin_flow.TestStandardLogin" name="test_login_token_works_with_auth_me" time="0.432" /><testcase classname="backend.tests.test_auth_signin_flow.TestAuthMe" name="test_auth_me_without_token_returns_401" time="0.103" /><testcase classname="backend.tests.test_auth_signin_flow.TestAuthMe" name="test_auth_me_with_invalid_token_returns_401" time="0.102" /></testsuite></testsuites>