<?xml version="1.0" encoding="utf-8"?><testsuites name="pytest tests"><testsuite name="pytest" errors="0" failures="0" skipped="0" tests="15" time="12.817" timestamp="2026-02-27T14:00:09.244581+00:00" hostname="agent-env-66ffa404-5f00-4db5-a5e0-cd37ee7a1ad0"><testcase classname="backend.tests.test_bug_fixes.TestAuthenticationFlow" name="test_login_with_admin_credentials" time="0.439" /><testcase classname="backend.tests.test_bug_fixes.TestAuthenticationFlow" name="test_login_returns_valid_token" time="0.478" /><testcase classname="backend.tests.test_bug_fixes.TestEntitySportV2API" name="test_v2_es_matches_endpoint_exists" time="2.804" /><testcase classname="backend.tests.test_bug_fixes.TestEntitySportV2API" name="test_v2_es_matches_returns_real_data" time="1.892" /><testcase classname="backend.tests.test_bug_fixes.TestEntitySportV2API" name="test_v2_es_matches_live_status" time="0.967" /><testcase classname="backend.tests.test_bug_fixes.TestEntitySportV2API" name="test_v2_es_matches_upcoming_status" time="1.157" /><testcase classname="backend.tests.test_bug_fixes.TestEntitySportV2API" name="test_v2_es_matches_completed_status" time="2.251" /><testcase classname="backend.tests.test_bug_fixes.TestV2APIEndpoints" name="test_v2_ledger_balance" time="0.498" /><testcase classname="backend.tests.test_bug_fixes.TestV2APIEndpoints" name="test_v2_ledger_history" time="0.489" /><testcase classname="backend.tests.test_bug_fixes.TestV2APIEndpoints" name="test_v2_cards_types" time="0.466" /><testcase classname="backend.tests.test_bug_fixes.TestV2APIEndpoints" name="test_v2_cards_inventory" time="0.527" /><testcase classname="backend.tests.test_bug_fixes.TestV2APIEndpoints" name="test_v2_referral_stats" time="0.447" /><testcase classname="backend.tests.test_bug_fixes.TestRootAndHealthEndpoints" name="test_api_root" time="0.113" /><testcase classname="backend.tests.test_bug_fixes.TestRootAndHealthEndpoints" name="test_faq_endpoint" time="0.120" /><testcase classname="backend.tests.test_bug_fixes.TestRootAndHealthEndpoints" name="test_beta_status" time="0.105" /></testsuite></testsuites>