<?xml version="1.0" encoding="utf-8"?><testsuites name="pytest tests"><testsuite name="pytest" errors="0" failures="0" skipped="0" tests="24" time="9.169" timestamp="2026-02-24T12:43:17.478416+00:00" hostname="agent-env-cf91b557-0854-4a52-8ef2-af92cdb32d46"><testcase classname="backend.tests.test_card_games.TestGamesConfig" name="test_get_games_config" time="0.257" /><testcase classname="backend.tests.test_card_games.TestGamesConfig" name="test_rummy_config_values" time="0.101" /><testcase classname="backend.tests.test_card_games.TestGamesConfig" name="test_teen_patti_config_values" time="0.113" /><testcase classname="backend.tests.test_card_games.TestGamesConfig" name="test_poker_config_values" time="0.099" /><testcase classname="backend.tests.test_card_games.TestGamesAuth" name="test_get_game_info_rummy" time="0.466" /><testcase classname="backend.tests.test_card_games.TestGamesAuth" name="test_get_game_info_teen_patti" time="0.427" /><testcase classname="backend.tests.test_card_games.TestGamesAuth" name="test_get_game_info_poker" time="0.467" /><testcase classname="backend.tests.test_card_games.TestGamesAuth" name="test_get_invalid_game_type" time="0.430" /><testcase classname="backend.tests.test_card_games.TestGamesAuth" name="test_get_my_stats_rummy" time="0.455" /><testcase classname="backend.tests.test_card_games.TestGamesAuth" name="test_get_my_stats_teen_patti" time="0.436" /><testcase classname="backend.tests.test_card_games.TestGamesAuth" name="test_get_my_stats_poker" time="0.431" /><testcase classname="backend.tests.test_card_games.TestRoomCreation" name="test_create_public_room_rummy" time="0.438" /><testcase classname="backend.tests.test_card_games.TestRoomCreation" name="test_create_private_room_teen_patti" time="0.500" /><testcase classname="backend.tests.test_card_games.TestRoomCreation" name="test_create_private_room_poker" time="0.453" /><testcase classname="backend.tests.test_card_games.TestRoomCreation" name="test_create_room_invalid_players" time="0.443" /><testcase classname="backend.tests.test_card_games.TestQuickPlay" name="test_quick_play_rummy" time="0.469" /><testcase classname="backend.tests.test_card_games.TestQuickPlay" name="test_quick_play_poker" time="0.444" /><testcase classname="backend.tests.test_card_games.TestAvailableRooms" name="test_get_available_rooms_rummy" time="0.451" /><testcase classname="backend.tests.test_card_games.TestAvailableRooms" name="test_get_my_rooms" time="0.427" /><testcase classname="backend.tests.test_card_games.TestLeaderboard" name="test_get_rummy_leaderboard" time="0.099" /><testcase classname="backend.tests.test_card_games.TestLeaderboard" name="test_get_poker_leaderboard" time="0.109" /><testcase classname="backend.tests.test_card_games.TestJoinByCode" name="test_join_invalid_code" time="0.433" /><testcase classname="backend.tests.test_card_games.TestRoomState" name="test_get_room_state" time="0.527" /><testcase classname="backend.tests.test_card_games.TestRoomState" name="test_get_invalid_room_state" time="0.547" /></testsuite></testsuites>