<?xml version="1.0" encoding="utf-8"?><testsuites name="pytest tests"><testsuite name="pytest" errors="0" failures="0" skipped="0" tests="19" time="4.803" timestamp="2026-02-23T10:08:57.271954+00:00" hostname="agent-env-cf0f6685-b183-4806-b985-56d7f40f0507"><testcase classname="backend.tests.test_clans_leaderboards.TestClansAPIs" name="test_list_clans_returns_200" time="0.246" /><testcase classname="backend.tests.test_clans_leaderboards.TestClansAPIs" name="test_list_clans_skill_metrics_not_coins" time="0.101" /><testcase classname="backend.tests.test_clans_leaderboards.TestClansAPIs" name="test_create_clan_level2_success" time="0.465" /><testcase classname="backend.tests.test_clans_leaderboards.TestClansAPIs" name="test_create_clan_level1_fails" time="0.443" /><testcase classname="backend.tests.test_clans_leaderboards.TestClansAPIs" name="test_join_public_clan_any_level" time="0.358" /><testcase classname="backend.tests.test_clans_leaderboards.TestClansAPIs" name="test_get_my_clan" time="0.105" /><testcase classname="backend.tests.test_clans_leaderboards.TestLeaderboardsAPIs" name="test_global_leaderboard_returns_200" time="0.098" /><testcase classname="backend.tests.test_clans_leaderboards.TestLeaderboardsAPIs" name="test_global_leaderboard_no_coins" time="0.114" /><testcase classname="backend.tests.test_clans_leaderboards.TestLeaderboardsAPIs" name="test_weekly_leaderboard_returns_200" time="0.112" /><testcase classname="backend.tests.test_clans_leaderboards.TestLeaderboardsAPIs" name="test_streak_leaderboard_returns_200" time="0.103" /><testcase classname="backend.tests.test_clans_leaderboards.TestLeaderboardsAPIs" name="test_clan_leaderboard_skill_based" time="0.100" /><testcase classname="backend.tests.test_clans_leaderboards.TestPublicProfileAPIs" name="test_public_profile_returns_200" time="0.458" /><testcase classname="backend.tests.test_clans_leaderboards.TestPublicProfileAPIs" name="test_public_profile_no_coins_guardrail" time="0.107" /><testcase classname="backend.tests.test_clans_leaderboards.TestPublicProfileAPIs" name="test_public_profile_has_skill_stats" time="0.099" /><testcase classname="backend.tests.test_clans_leaderboards.TestDuelsAPIs" name="test_get_my_duels_returns_200" time="0.779" /><testcase classname="backend.tests.test_clans_leaderboards.TestDuelsAPIs" name="test_create_duel_no_coins" time="0.104" /><testcase classname="backend.tests.test_clans_leaderboards.TestDuelsAPIs" name="test_duel_winner_gets_badge_not_coins" time="0.212" /><testcase classname="backend.tests.test_clans_leaderboards.TestClanChallenges" name="test_get_challenges_returns_200" time="0.457" /><testcase classname="backend.tests.test_clans_leaderboards.TestClanChallenges" name="test_challenges_skill_based_not_coin_based" time="0.125" /></testsuite></testsuites>