<?xml version="1.0" encoding="utf-8"?><testsuites name="pytest tests"><testsuite name="pytest" errors="0" failures="0" skipped="0" tests="8" time="3.381" timestamp="2026-02-23T09:01:00.927863+00:00" hostname="agent-env-1bc8fdd2-2d2b-4f41-9074-928980b1b72c"><testcase classname="backend.tests.test_demand_rail.TestDemandRailAPIs" name="test_demand_progress_api_returns_next_reward" time="0.504" /><testcase classname="backend.tests.test_demand_rail.TestDemandRailAPIs" name="test_products_api_returns_brand_fields" time="0.386" /><testcase classname="backend.tests.test_demand_rail.TestDemandRailAPIs" name="test_products_have_impulse_rewards_starting_at_10" time="0.386" /><testcase classname="backend.tests.test_demand_rail.TestDemandRailAPIs" name="test_brand_roas_api_returns_placeholder_dashboard" time="0.393" /><testcase classname="backend.tests.test_demand_rail.TestDemandRailAPIs" name="test_leaderboard_skill_based" time="0.380" /><testcase classname="backend.tests.test_demand_rail.TestDemandRailAPIs" name="test_auth_me_returns_progression_fields" time="0.398" /><testcase classname="backend.tests.test_demand_rail.TestProductBrandSchema" name="test_product_has_fulfillment_types" time="0.375" /><testcase classname="backend.tests.test_demand_rail.TestProductBrandSchema" name="test_product_has_min_level_required" time="0.374" /></testsuite></testsuites>