<?xml version="1.0" encoding="utf-8"?><testsuites name="pytest tests"><testsuite name="pytest" errors="0" failures="0" skipped="0" tests="33" time="10.408" timestamp="2026-03-09T17:50:00.447137+00:00" hostname="agent-env-fa3dad6b-7678-4ce2-b3e9-8900273961ad"><testcase classname="backend.tests.test_e2e_full_audit_35.TestOTPRegistration" name="test_send_otp_returns_dev_otp_on_unverified_domain" time="0.551" /><testcase classname="backend.tests.test_e2e_full_audit_35.TestOTPRegistration" name="test_verify_otp_with_wrong_code" time="0.140" /><testcase classname="backend.tests.test_e2e_full_audit_35.TestLogin" name="test_test_user_login_success" time="0.361" /><testcase classname="backend.tests.test_e2e_full_audit_35.TestLogin" name="test_admin_user_login_success" time="0.377" /><testcase classname="backend.tests.test_e2e_full_audit_35.TestLogin" name="test_login_invalid_credentials" time="0.137" /><testcase classname="backend.tests.test_e2e_full_audit_35.TestDashboard" name="test_get_demand_progress" time="0.119" /><testcase classname="backend.tests.test_e2e_full_audit_35.TestDashboard" name="test_get_transactions" time="0.142" /><testcase classname="backend.tests.test_e2e_full_audit_35.TestDashboard" name="test_get_leaderboard" time="0.154" /><testcase classname="backend.tests.test_e2e_full_audit_35.TestDashboard" name="test_get_user_profile" time="0.131" /><testcase classname="backend.tests.test_e2e_full_audit_35.TestDashboard" name="test_daily_checkin" time="0.137" /><testcase classname="backend.tests.test_e2e_full_audit_35.TestPredictions" name="test_get_live_matches" time="2.578" /><testcase classname="backend.tests.test_e2e_full_audit_35.TestPredictions" name="test_get_upcoming_matches" time="1.835" /><testcase classname="backend.tests.test_e2e_full_audit_35.TestPredictions" name="test_get_prediction_stats" time="0.215" /><testcase classname="backend.tests.test_e2e_full_audit_35.TestPredictions" name="test_get_prediction_streak" time="0.119" /><testcase classname="backend.tests.test_e2e_full_audit_35.TestEarnCoins" name="test_get_tasks" time="0.121" /><testcase classname="backend.tests.test_e2e_full_audit_35.TestEarnCoins" name="test_spin_wheel" time="0.116" /><testcase classname="backend.tests.test_e2e_full_audit_35.TestEarnCoins" name="test_scratch_card" time="0.122" /><testcase classname="backend.tests.test_e2e_full_audit_35.TestShop" name="test_get_products_returns_list" time="0.241" /><testcase classname="backend.tests.test_e2e_full_audit_35.TestShop" name="test_products_have_images" time="0.239" /><testcase classname="backend.tests.test_e2e_full_audit_35.TestShop" name="test_get_redemptions" time="0.112" /><testcase classname="backend.tests.test_e2e_full_audit_35.TestShop" name="test_get_wishlist" time="0.119" /><testcase classname="backend.tests.test_e2e_full_audit_35.TestWalletLedger" name="test_get_ledger_transactions" time="0.111" /><testcase classname="backend.tests.test_e2e_full_audit_35.TestLeaderboards" name="test_global_leaderboard" time="0.122" /><testcase classname="backend.tests.test_e2e_full_audit_35.TestLeaderboards" name="test_weekly_leaderboard" time="0.109" /><testcase classname="backend.tests.test_e2e_full_audit_35.TestLeaderboards" name="test_streak_leaderboard" time="0.118" /><testcase classname="backend.tests.test_e2e_full_audit_35.TestSponsoredPools" name="test_get_sponsored_pools" time="0.185" /><testcase classname="backend.tests.test_e2e_full_audit_35.TestAdminV2" name="test_admin_get_kpis" time="0.130" /><testcase classname="backend.tests.test_e2e_full_audit_35.TestAdminV2" name="test_admin_get_feature_flags" time="0.116" /><testcase classname="backend.tests.test_e2e_full_audit_35.TestAdminV2" name="test_admin_get_cohort_csv" time="0.122" /><testcase classname="backend.tests.test_e2e_full_audit_35.TestAdminV2" name="test_admin_get_action_log" time="0.172" /><testcase classname="backend.tests.test_e2e_full_audit_35.TestHealth" name="test_health_endpoint" time="0.947" /><testcase classname="backend.tests.test_e2e_full_audit_35.TestHealth" name="test_quest_status" time="0.114" /><testcase classname="backend.tests.test_e2e_full_audit_35.TestHealth" name="test_ipl_carousel_exists_in_components" time="0.000" /></testsuite></testsuites>