<?xml version="1.0" encoding="utf-8"?><testsuites name="pytest tests"><testsuite name="pytest" errors="0" failures="0" skipped="0" tests="33" time="7.549" timestamp="2026-03-09T19:45:27.441912+00:00" hostname="agent-env-5f6cf3f3-fcfa-483c-ae66-e58ef2b1a550"><testcase classname="backend.tests.test_e2e_full_audit_35.TestOTPRegistration" name="test_send_otp_returns_dev_otp_on_unverified_domain" time="0.588" /><testcase classname="backend.tests.test_e2e_full_audit_35.TestOTPRegistration" name="test_verify_otp_with_wrong_code" time="0.154" /><testcase classname="backend.tests.test_e2e_full_audit_35.TestLogin" name="test_test_user_login_success" time="0.397" /><testcase classname="backend.tests.test_e2e_full_audit_35.TestLogin" name="test_admin_user_login_success" time="0.387" /><testcase classname="backend.tests.test_e2e_full_audit_35.TestLogin" name="test_login_invalid_credentials" time="0.168" /><testcase classname="backend.tests.test_e2e_full_audit_35.TestDashboard" name="test_get_demand_progress" time="0.120" /><testcase classname="backend.tests.test_e2e_full_audit_35.TestDashboard" name="test_get_transactions" time="0.149" /><testcase classname="backend.tests.test_e2e_full_audit_35.TestDashboard" name="test_get_leaderboard" time="0.118" /><testcase classname="backend.tests.test_e2e_full_audit_35.TestDashboard" name="test_get_user_profile" time="0.111" /><testcase classname="backend.tests.test_e2e_full_audit_35.TestDashboard" name="test_daily_checkin" time="0.168" /><testcase classname="backend.tests.test_e2e_full_audit_35.TestPredictions" name="test_get_live_matches" time="0.912" /><testcase classname="backend.tests.test_e2e_full_audit_35.TestPredictions" name="test_get_upcoming_matches" time="0.894" /><testcase classname="backend.tests.test_e2e_full_audit_35.TestPredictions" name="test_get_prediction_stats" time="0.125" /><testcase classname="backend.tests.test_e2e_full_audit_35.TestPredictions" name="test_get_prediction_streak" time="0.109" /><testcase classname="backend.tests.test_e2e_full_audit_35.TestEarnCoins" name="test_get_tasks" time="0.127" /><testcase classname="backend.tests.test_e2e_full_audit_35.TestEarnCoins" name="test_spin_wheel" time="0.114" /><testcase classname="backend.tests.test_e2e_full_audit_35.TestEarnCoins" name="test_scratch_card" time="0.133" /><testcase classname="backend.tests.test_e2e_full_audit_35.TestShop" name="test_get_products_returns_list" time="0.121" /><testcase classname="backend.tests.test_e2e_full_audit_35.TestShop" name="test_products_have_images" time="0.124" /><testcase classname="backend.tests.test_e2e_full_audit_35.TestShop" name="test_get_redemptions" time="0.127" /><testcase classname="backend.tests.test_e2e_full_audit_35.TestShop" name="test_get_wishlist" time="0.112" /><testcase classname="backend.tests.test_e2e_full_audit_35.TestWalletLedger" name="test_get_ledger_transactions" time="0.120" /><testcase classname="backend.tests.test_e2e_full_audit_35.TestLeaderboards" name="test_global_leaderboard" time="0.154" /><testcase classname="backend.tests.test_e2e_full_audit_35.TestLeaderboards" name="test_weekly_leaderboard" time="0.113" /><testcase classname="backend.tests.test_e2e_full_audit_35.TestLeaderboards" name="test_streak_leaderboard" time="0.159" /><testcase classname="backend.tests.test_e2e_full_audit_35.TestSponsoredPools" name="test_get_sponsored_pools" time="0.103" /><testcase classname="backend.tests.test_e2e_full_audit_35.TestAdminV2" name="test_admin_get_kpis" time="0.152" /><testcase classname="backend.tests.test_e2e_full_audit_35.TestAdminV2" name="test_admin_get_feature_flags" time="0.176" /><testcase classname="backend.tests.test_e2e_full_audit_35.TestAdminV2" name="test_admin_get_cohort_csv" time="0.121" /><testcase classname="backend.tests.test_e2e_full_audit_35.TestAdminV2" name="test_admin_get_action_log" time="0.119" /><testcase classname="backend.tests.test_e2e_full_audit_35.TestHealth" name="test_health_endpoint" time="0.894" /><testcase classname="backend.tests.test_e2e_full_audit_35.TestHealth" name="test_quest_status" time="0.115" /><testcase classname="backend.tests.test_e2e_full_audit_35.TestHealth" name="test_ipl_carousel_exists_in_components" time="0.000" /></testsuite></testsuites>