<?xml version="1.0" encoding="utf-8"?><testsuites name="pytest tests"><testsuite name="pytest" errors="0" failures="0" skipped="0" tests="32" time="8.164" timestamp="2026-03-09T19:56:32.804470+00:00" hostname="agent-env-5f6cf3f3-fcfa-483c-ae66-e58ef2b1a550"><testcase classname="backend.tests.test_e2e_iteration36.TestHealth" name="test_api_health_endpoint" time="0.977" /><testcase classname="backend.tests.test_e2e_iteration36.TestHealth" name="test_api_health_database_connected" time="0.901" /><testcase classname="backend.tests.test_e2e_iteration36.TestOTPRegistrationFlow" name="test_send_otp_valid_email" time="0.418" /><testcase classname="backend.tests.test_e2e_iteration36.TestOTPRegistrationFlow" name="test_send_otp_missing_email_returns_422" time="0.111" /><testcase classname="backend.tests.test_e2e_iteration36.TestOTPRegistrationFlow" name="test_verify_otp_wrong_code_rejected" time="0.186" /><testcase classname="backend.tests.test_e2e_iteration36.TestOTPRegistrationFlow" name="test_verify_otp_register_wrong_code_rejected" time="0.129" /><testcase classname="backend.tests.test_e2e_iteration36.TestAuth" name="test_login_test_user" time="0.331" /><testcase classname="backend.tests.test_e2e_iteration36.TestAuth" name="test_login_admin_user" time="0.355" /><testcase classname="backend.tests.test_e2e_iteration36.TestAuth" name="test_login_invalid_credentials" time="0.112" /><testcase classname="backend.tests.test_e2e_iteration36.TestTutorialAPI" name="test_get_tutorial_status" time="0.110" /><testcase classname="backend.tests.test_e2e_iteration36.TestTutorialAPI" name="test_complete_tutorial" time="0.141" /><testcase classname="backend.tests.test_e2e_iteration36.TestTutorialAPI" name="test_tutorial_status_after_completion" time="0.222" /><testcase classname="backend.tests.test_e2e_iteration36.TestTutorialAPI" name="test_reset_tutorial" time="0.211" /><testcase classname="backend.tests.test_e2e_iteration36.TestDashboard" name="test_get_user_profile" time="0.103" /><testcase classname="backend.tests.test_e2e_iteration36.TestDashboard" name="test_get_demand_progress" time="0.122" /><testcase classname="backend.tests.test_e2e_iteration36.TestDashboard" name="test_get_leaderboard" time="0.118" /><testcase classname="backend.tests.test_e2e_iteration36.TestMatches" name="test_get_upcoming_matches_es" time="0.882" /><testcase classname="backend.tests.test_e2e_iteration36.TestMatches" name="test_get_live_matches_es" time="0.909" /><testcase classname="backend.tests.test_e2e_iteration36.TestMatches" name="test_get_prediction_stats" time="0.115" /><testcase classname="backend.tests.test_e2e_iteration36.TestMatches" name="test_get_prediction_streak" time="0.105" /><testcase classname="backend.tests.test_e2e_iteration36.TestLeaderboards" name="test_global_leaderboard" time="0.110" /><testcase classname="backend.tests.test_e2e_iteration36.TestLeaderboards" name="test_weekly_leaderboard" time="0.121" /><testcase classname="backend.tests.test_e2e_iteration36.TestLeaderboards" name="test_streak_leaderboard" time="0.110" /><testcase classname="backend.tests.test_e2e_iteration36.TestShop" name="test_get_products" time="0.113" /><testcase classname="backend.tests.test_e2e_iteration36.TestShop" name="test_get_redemptions" time="0.119" /><testcase classname="backend.tests.test_e2e_iteration36.TestSponsoredPools" name="test_get_sponsored_pools" time="0.133" /><testcase classname="backend.tests.test_e2e_iteration36.TestAdminV2" name="test_admin_kpis" time="0.129" /><testcase classname="backend.tests.test_e2e_iteration36.TestAdminV2" name="test_admin_feature_flags" time="0.191" /><testcase classname="backend.tests.test_e2e_iteration36.TestAdminV2" name="test_admin_action_log" time="0.110" /><testcase classname="backend.tests.test_e2e_iteration36.TestEarnCoins" name="test_get_tasks" time="0.115" /><testcase classname="backend.tests.test_e2e_iteration36.TestEarnCoins" name="test_get_prediction_stats" time="0.126" /><testcase classname="backend.tests.test_e2e_iteration36.TestEarnCoins" name="test_get_transactions" time="0.134" /></testsuite></testsuites>