<?xml version="1.0" encoding="utf-8"?><testsuites name="pytest tests"><testsuite name="pytest" errors="0" failures="0" skipped="0" tests="20" time="2.914" timestamp="2026-03-04T09:12:38.379112+00:00" hostname="agent-env-66ffa404-5f00-4db5-a5e0-cd37ee7a1ad0"><testcase classname="backend.tests.test_engagement_systems.TestPlayerProgression" name="test_get_progression" time="0.494" /><testcase classname="backend.tests.test_engagement_systems.TestPlayerProgression" name="test_get_tiers" time="0.111" /><testcase classname="backend.tests.test_engagement_systems.TestDailyMissions" name="test_get_missions" time="0.104" /><testcase classname="backend.tests.test_engagement_systems.TestDailyMissions" name="test_claim_mission_incomplete" time="0.113" /><testcase classname="backend.tests.test_engagement_systems.TestLoginStreak" name="test_get_streak" time="0.104" /><testcase classname="backend.tests.test_engagement_systems.TestLoginStreak" name="test_streak_checkin_already_done" time="0.213" /><testcase classname="backend.tests.test_engagement_systems.TestSpinWheel" name="test_spin_status" time="0.115" /><testcase classname="backend.tests.test_engagement_systems.TestSpinWheel" name="test_spin_duplicate_returns_400" time="0.205" /><testcase classname="backend.tests.test_engagement_systems.TestSpinWheel" name="test_spin_history" time="0.106" /><testcase classname="backend.tests.test_engagement_systems.TestLeaderboards" name="test_daily_leaderboard" time="0.115" /><testcase classname="backend.tests.test_engagement_systems.TestLeaderboards" name="test_weekly_leaderboard" time="0.112" /><testcase classname="backend.tests.test_engagement_systems.TestLeaderboards" name="test_seasonal_leaderboard" time="0.119" /><testcase classname="backend.tests.test_engagement_systems.TestLeaderboards" name="test_invalid_period" time="0.101" /><testcase classname="backend.tests.test_engagement_systems.TestEconomyControls" name="test_economy_status" time="0.108" /><testcase classname="backend.tests.test_engagement_systems.TestEconomyControls" name="test_economy_stats_admin" time="0.103" /><testcase classname="backend.tests.test_engagement_systems.TestStoreTiers" name="test_store_tiers" time="0.115" /><testcase classname="backend.tests.test_engagement_systems.TestSurpriseRewards" name="test_surprise_first_win" time="0.105" /><testcase classname="backend.tests.test_engagement_systems.TestSurpriseRewards" name="test_surprise_invalid_trigger" time="0.115" /><testcase classname="backend.tests.test_engagement_systems.TestEngagementIntegration" name="test_progression_after_actions" time="0.111" /><testcase classname="backend.tests.test_engagement_systems.TestEngagementIntegration" name="test_wallet_integration" time="0.139" /></testsuite></testsuites>