<?xml version="1.0" encoding="utf-8"?><testsuites name="pytest tests"><testsuite name="pytest" errors="0" failures="0" skipped="0" tests="24" time="6.653" timestamp="2026-03-04T18:44:43.331260+00:00" hostname="agent-env-7cc9a28d-1efe-41e2-89e2-dd2a6dc2f6ff"><testcase classname="backend.tests.test_free11_engagement.TestRegression" name="test_health_returns_ok" time="0.924" /><testcase classname="backend.tests.test_free11_engagement.TestRegression" name="test_admin_login" time="0.390" /><testcase classname="backend.tests.test_free11_engagement.TestWishlist" name="test_get_wishlist_requires_auth" time="0.122" /><testcase classname="backend.tests.test_free11_engagement.TestWishlist" name="test_get_wishlist_authenticated" time="0.485" /><testcase classname="backend.tests.test_free11_engagement.TestWishlist" name="test_pin_requires_valid_product" time="0.137" /><testcase classname="backend.tests.test_free11_engagement.TestWishlist" name="test_pin_and_get_wishlist" time="0.349" /><testcase classname="backend.tests.test_free11_engagement.TestWishlist" name="test_unpin_wishlist" time="0.218" /><testcase classname="backend.tests.test_free11_engagement.TestStreak" name="test_streak_requires_auth" time="0.111" /><testcase classname="backend.tests.test_free11_engagement.TestStreak" name="test_streak_returns_valid_data" time="0.143" /><testcase classname="backend.tests.test_free11_engagement.TestCrowdMeter" name="test_crowd_meter_is_public" time="0.148" /><testcase classname="backend.tests.test_free11_engagement.TestCrowdMeter" name="test_crowd_meter_structure" time="0.114" /><testcase classname="backend.tests.test_free11_engagement.TestCrowdMeter" name="test_crowd_meter_non_existent_match" time="0.158" /><testcase classname="backend.tests.test_free11_engagement.TestDailyPuzzle" name="test_get_today_puzzle_requires_auth" time="0.113" /><testcase classname="backend.tests.test_free11_engagement.TestDailyPuzzle" name="test_get_today_puzzle" time="0.117" /><testcase classname="backend.tests.test_free11_engagement.TestDailyPuzzle" name="test_admin_already_answered" time="0.134" /><testcase classname="backend.tests.test_free11_engagement.TestDailyPuzzle" name="test_new_user_puzzle_answer_correct" time="0.466" /><testcase classname="backend.tests.test_free11_engagement.TestDailyPuzzle" name="test_idempotency_second_submission_returns_already_answered" time="0.112" /><testcase classname="backend.tests.test_free11_engagement.TestDailyPuzzle" name="test_coins_credited_after_correct_answer" time="1.245" /><testcase classname="backend.tests.test_free11_engagement.TestDailyPuzzle" name="test_wrong_answer" time="0.484" /><testcase classname="backend.tests.test_free11_engagement.TestWeeklyReportCard" name="test_weekly_report_requires_auth" time="0.107" /><testcase classname="backend.tests.test_free11_engagement.TestWeeklyReportCard" name="test_get_weekly_report" time="0.131" /><testcase classname="backend.tests.test_free11_engagement.TestWeeklyReportCard" name="test_dismiss_weekly_report" time="0.117" /><testcase classname="backend.tests.test_free11_engagement.TestWeeklyReportCard" name="test_is_new_false_after_dismiss" time="0.117" /><testcase classname="backend.tests.test_free11_engagement.TestWeeklyReportCard" name="test_weekly_report_new_user" time="0.116" /></testsuite></testsuites>