<?xml version="1.0" encoding="utf-8"?><testsuites name="pytest tests"><testsuite name="pytest" errors="0" failures="0" skipped="1" tests="22" time="20.870" timestamp="2026-02-27T12:43:20.584727+00:00" hostname="agent-env-fd60a8d1-24fb-485e-89de-aafadf67e6f4"><testcase classname="tests.test_fantasy_entitysport.TestEntitySportMatches" name="test_get_upcoming_matches" time="1.040" /><testcase classname="tests.test_fantasy_entitysport.TestEntitySportMatches" name="test_get_live_matches" time="0.913" /><testcase classname="tests.test_fantasy_entitysport.TestEntitySportMatches" name="test_get_completed_matches" time="0.916" /><testcase classname="tests.test_fantasy_entitysport.TestEntitySportSquads" name="test_get_squads_india_vs_zimbabwe" time="0.955" /><testcase classname="tests.test_fantasy_entitysport.TestEntitySportSquads" name="test_squad_player_details" time="0.907" /><testcase classname="tests.test_fantasy_entitysport.TestEntitySportSquads" name="test_squad_has_playing11_flag" time="0.964" /><testcase classname="tests.test_fantasy_entitysport.TestEntitySportScorecard" name="test_get_scorecard" time="0.957" /><testcase classname="tests.test_fantasy_entitysport.TestEntitySportScorecard" name="test_scorecard_batting_stats" time="0.913" /><testcase classname="tests.test_fantasy_entitysport.TestEntitySportScorecard" name="test_scorecard_bowling_stats" time="0.938" /><testcase classname="tests.test_fantasy_entitysport.TestEntitySportScorecard" name="test_scorecard_fielding_stats" time="0.920" /><testcase classname="tests.test_fantasy_entitysport.TestFantasyPointsSystem" name="test_get_points_system" time="0.104" /><testcase classname="tests.test_fantasy_entitysport.TestFantasyTeamCreation" name="test_create_valid_fantasy_team" time="1.377" /><testcase classname="tests.test_fantasy_entitysport.TestFantasyTeamCreation" name="test_validate_less_than_11_players" time="1.408" /><testcase classname="tests.test_fantasy_entitysport.TestFantasyTeamCreation" name="test_validate_credits_exceed_100" time="1.349" /><testcase classname="tests.test_fantasy_entitysport.TestFantasyTeamCreation" name="test_validate_captain_equals_vc" time="1.345" /><testcase classname="tests.test_fantasy_entitysport.TestFantasyTeamCreation" name="test_validate_role_constraints" time="1.232"><skipped type="pytest.skip" message="Not enough batsmen to test constraint">/app/backend/tests/test_fantasy_entitysport.py:428: Not enough batsmen to test constraint</skipped></testcase><testcase classname="tests.test_fantasy_entitysport.TestFantasyTeamCreation" name="test_validate_max_7_per_team" time="1.369" /><testcase classname="tests.test_fantasy_entitysport.TestFantasyRankings" name="test_get_rankings" time="0.110" /><testcase classname="tests.test_fantasy_entitysport.TestAdminFantasyScoring" name="test_calculate_fantasy_points" time="1.268" /><testcase classname="tests.test_fantasy_entitysport.TestMyFantasyTeams" name="test_get_my_teams" time="0.436" /><testcase classname="tests.test_fantasy_entitysport.TestMyFantasyTeams" name="test_get_my_teams_by_match" time="0.427" /><testcase classname="tests.test_fantasy_entitysport.TestMatchInfo" name="test_get_match_info" time="0.906" /></testsuite></testsuites>