<?xml version="1.0" encoding="utf-8"?><testsuites name="pytest tests"><testsuite name="pytest" errors="0" failures="0" skipped="0" tests="18" time="6.035" timestamp="2026-02-25T16:45:12.759369+00:00" hostname="agent-env-3bae0df0-7ef1-4898-acac-7f1ceb64e4f4"><testcase classname="backend.tests.test_final_beta_verification.TestHealthAndBasics" name="test_api_root" time="0.133" /><testcase classname="backend.tests.test_final_beta_verification.TestHealthAndBasics" name="test_login_success" time="0.360" /><testcase classname="backend.tests.test_final_beta_verification.TestHealthAndBasics" name="test_login_invalid_credentials" time="0.376" /><testcase classname="backend.tests.test_final_beta_verification.TestCricbuzzLiveData" name="test_live_cricket_endpoint" time="0.136" /><testcase classname="backend.tests.test_final_beta_verification.TestCricbuzzLiveData" name="test_live_cricket_has_real_teams" time="0.252" /><testcase classname="backend.tests.test_final_beta_verification.TestCricbuzzLiveData" name="test_live_match_has_nz_vs_sl" time="0.123" /><testcase classname="backend.tests.test_final_beta_verification.TestFantasyPlayersAPI" name="test_players_endpoint_returns_data" time="0.284" /><testcase classname="backend.tests.test_final_beta_verification.TestFantasyPlayersAPI" name="test_players_have_nz_players" time="0.314" /><testcase classname="backend.tests.test_final_beta_verification.TestFantasyPlayersAPI" name="test_players_have_sl_players" time="0.275" /><testcase classname="backend.tests.test_final_beta_verification.TestFantasyPlayersAPI" name="test_players_have_all_roles" time="0.315" /><testcase classname="backend.tests.test_final_beta_verification.TestAuthenticatedEndpoints" name="test_get_user_profile" time="0.562" /><testcase classname="backend.tests.test_final_beta_verification.TestAuthenticatedEndpoints" name="test_get_user_stats" time="0.639" /><testcase classname="backend.tests.test_final_beta_verification.TestAuthenticatedEndpoints" name="test_get_demand_progress" time="0.514" /><testcase classname="backend.tests.test_final_beta_verification.TestAuthenticatedEndpoints" name="test_get_leaderboard" time="0.620" /><testcase classname="backend.tests.test_final_beta_verification.TestCardGamesAPI" name="test_games_config" time="0.198" /><testcase classname="backend.tests.test_final_beta_verification.TestCardGamesAPI" name="test_get_rooms_requires_auth" time="0.136" /><testcase classname="backend.tests.test_final_beta_verification.TestCardGamesAPI" name="test_get_rooms_with_auth" time="0.579" /><testcase classname="backend.tests.test_final_beta_verification.TestShopAndProducts" name="test_get_products" time="0.133" /></testsuite></testsuites>