<?xml version="1.0" encoding="utf-8"?><testsuites name="pytest tests"><testsuite name="pytest" errors="0" failures="0" skipped="0" tests="13" time="3.049" timestamp="2026-03-12T16:12:17.965917+00:00" hostname="agent-env-cd436dd6-f726-4b0b-97fd-4b87772125cd"><testcase classname="backend.tests.test_iteration_52.TestHealth" name="test_backend_health" time="0.972" /><testcase classname="backend.tests.test_iteration_52.TestLeaderboard" name="test_leaderboard_endpoint_returns_200" time="0.451" /><testcase classname="backend.tests.test_iteration_52.TestLeaderboard" name="test_leaderboard_no_admin_users" time="0.151" /><testcase classname="backend.tests.test_iteration_52.TestLeaderboard" name="test_leaderboard_no_seed_users" time="0.108" /><testcase classname="backend.tests.test_iteration_52.TestLeaderboard" name="test_leaderboard_structure" time="0.128" /><testcase classname="backend.tests.test_iteration_52.TestLeaderboard" name="test_leaderboard_global_no_admin" time="0.120" /><testcase classname="backend.tests.test_iteration_52.TestLeaderboard" name="test_leaderboard_weekly_no_admin" time="0.122" /><testcase classname="backend.tests.test_iteration_52.TestLeaderboard" name="test_leaderboard_streak_no_admin" time="0.146" /><testcase classname="backend.tests.test_iteration_52.TestProductNames" name="test_shop_no_amul_butter" time="0.121" /><testcase classname="backend.tests.test_iteration_52.TestProductNames" name="test_shop_has_premium_dairy_butter" time="0.115" /><testcase classname="backend.tests.test_iteration_52.TestProductNames" name="test_demand_progress_no_amul" time="0.116" /><testcase classname="backend.tests.test_iteration_52.TestTextContent" name="test_faq_no_proga" time="0.104" /><testcase classname="backend.tests.test_iteration_52.TestTextContent" name="test_login_flow" time="0.333" /></testsuite></testsuites>