<?xml version="1.0" encoding="utf-8"?><testsuites name="pytest tests"><testsuite name="pytest" errors="0" failures="0" skipped="0" tests="19" time="4.303" timestamp="2026-03-11T19:07:08.744992+00:00" hostname="agent-env-6de0d178-b1b8-4e4b-a5cf-b54caf1aafab"><testcase classname="backend.tests.test_iteration_51.TestHealth" name="test_health_returns_200" time="1.037" /><testcase classname="backend.tests.test_iteration_51.TestHealth" name="test_health_db_connected" time="0.827" /><testcase classname="backend.tests.test_iteration_51.TestAnalyticsEventAPI" name="test_anon_event_returns_ok" time="0.128" /><testcase classname="backend.tests.test_iteration_51.TestAnalyticsEventAPI" name="test_authenticated_event_returns_ok" time="0.370" /><testcase classname="backend.tests.test_iteration_51.TestAnalyticsEventAPI" name="test_multiple_rapid_events_all_accepted" time="0.314" /><testcase classname="backend.tests.test_iteration_51.TestAnalyticsEventAPI" name="test_event_without_properties" time="0.062" /><testcase classname="backend.tests.test_iteration_51.TestAnalyticsEventAPI" name="test_anon_event_empty_body" time="0.135" /><testcase classname="backend.tests.test_iteration_51.TestAnalyticsEventAPI" name="test_auth_event_requires_token" time="0.205" /><testcase classname="backend.tests.test_iteration_51.TestAuth" name="test_login_returns_token" time="0.286" /><testcase classname="backend.tests.test_iteration_51.TestAuth" name="test_login_returns_user_info" time="0.283" /><testcase classname="backend.tests.test_iteration_51.TestAuth" name="test_login_wrong_credentials_rejected" time="0.063" /><testcase classname="backend.tests.test_iteration_51.TestUserDashboard" name="test_user_profile_returns_200" time="0.063" /><testcase classname="backend.tests.test_iteration_51.TestUserDashboard" name="test_user_wallet_has_coin_balance" time="0.061" /><testcase classname="backend.tests.test_iteration_51.TestShopEndpoints" name="test_products_endpoint_returns_list" time="0.073" /><testcase classname="backend.tests.test_iteration_51.TestShopEndpoints" name="test_gift_cards_endpoint" time="0.069" /><testcase classname="backend.tests.test_iteration_51.TestShopEndpoints" name="test_airtime_catalog_endpoint" time="0.052" /><testcase classname="backend.tests.test_iteration_51.TestShopEndpoints" name="test_router_skus_returns_200" time="0.075" /><testcase classname="backend.tests.test_iteration_51.TestNavigationEndpoints" name="test_earn_coins_missions" time="0.065" /><testcase classname="backend.tests.test_iteration_51.TestNavigationEndpoints" name="test_predict_page_matches" time="0.059" /></testsuite></testsuites>