<?xml version="1.0" encoding="utf-8"?><testsuites name="pytest tests"><testsuite name="pytest" errors="0" failures="0" skipped="0" tests="18" time="4.404" timestamp="2026-03-11T14:28:15.257492+00:00" hostname="agent-env-9208ed0e-9480-4cd5-8b3f-2bf837c5bedc"><testcase classname="backend.tests.test_iteration_50.TestHealth" name="test_health_returns_200" time="1.026" /><testcase classname="backend.tests.test_iteration_50.TestHealth" name="test_health_db_connected" time="0.830" /><testcase classname="backend.tests.test_iteration_50.TestAnalyticsEndpoints" name="test_anon_event_no_auth_returns_ok" time="0.197" /><testcase classname="backend.tests.test_iteration_50.TestAnalyticsEndpoints" name="test_authenticated_event_returns_ok" time="0.383" /><testcase classname="backend.tests.test_iteration_50.TestAnalyticsEndpoints" name="test_anon_event_without_body_returns_ok" time="0.153" /><testcase classname="backend.tests.test_iteration_50.TestAnalyticsEndpoints" name="test_authenticated_event_requires_auth" time="0.149" /><testcase classname="backend.tests.test_iteration_50.TestRouterSkus" name="test_router_skus_returns_200" time="0.072" /><testcase classname="backend.tests.test_iteration_50.TestRouterSkus" name="test_router_skus_no_trademark_lays" time="0.083" /><testcase classname="backend.tests.test_iteration_50.TestRouterSkus" name="test_router_skus_no_trademark_pepsi" time="0.074" /><testcase classname="backend.tests.test_iteration_50.TestRouterSkus" name="test_router_skus_no_trademark_parleg" time="0.086" /><testcase classname="backend.tests.test_iteration_50.TestRouterSkus" name="test_router_skus_is_list" time="0.090" /><testcase classname="backend.tests.test_iteration_50.TestProducts" name="test_products_returns_200" time="0.074" /><testcase classname="backend.tests.test_iteration_50.TestProducts" name="test_products_returns_list" time="0.085" /><testcase classname="backend.tests.test_iteration_50.TestProducts" name="test_products_no_trademark_lays" time="0.065" /><testcase classname="backend.tests.test_iteration_50.TestAuth" name="test_login_returns_token" time="0.276" /><testcase classname="backend.tests.test_iteration_50.TestAuth" name="test_login_returns_user_data" time="0.280" /><testcase classname="backend.tests.test_iteration_50.TestAuth" name="test_login_invalid_credentials_returns_401" time="0.060" /><testcase classname="backend.tests.test_iteration_50.TestAdminAnalytics" name="test_analytics_dashboard_admin_returns_200" time="0.350" /></testsuite></testsuites>