<?xml version="1.0" encoding="utf-8"?><testsuites name="pytest tests"><testsuite name="pytest" errors="0" failures="0" skipped="0" tests="19" time="8.977" timestamp="2026-02-25T16:13:07.490566+00:00" hostname="agent-env-3bae0df0-7ef1-4898-acac-7f1ceb64e4f4"><testcase classname="backend.tests.test_live_cricket.TestLiveCricketAPI" name="test_live_matches_endpoint_returns_200" time="0.812" /><testcase classname="backend.tests.test_live_cricket.TestLiveCricketAPI" name="test_live_matches_returns_matches_array" time="0.317" /><testcase classname="backend.tests.test_live_cricket.TestLiveCricketAPI" name="test_live_matches_has_source_info" time="0.303" /><testcase classname="backend.tests.test_live_cricket.TestLiveCricketAPI" name="test_live_matches_count_is_positive" time="0.259" /><testcase classname="backend.tests.test_live_cricket.TestLiveCricketAPI" name="test_match_has_required_fields" time="0.401" /><testcase classname="backend.tests.test_live_cricket.TestLiveCricketAPI" name="test_match_status_values" time="0.255" /><testcase classname="backend.tests.test_live_cricket.TestLiveCricketAPI" name="test_live_matches_have_team_shorts" time="0.280" /><testcase classname="backend.tests.test_live_cricket.TestPlayersAPI" name="test_players_endpoint_returns_200" time="0.562" /><testcase classname="backend.tests.test_live_cricket.TestPlayersAPI" name="test_players_returns_match_info" time="0.527" /><testcase classname="backend.tests.test_live_cricket.TestPlayersAPI" name="test_players_returns_players_array" time="0.594" /><testcase classname="backend.tests.test_live_cricket.TestPlayersAPI" name="test_players_have_required_fields" time="0.620" /><testcase classname="backend.tests.test_live_cricket.TestPlayersAPI" name="test_players_have_valid_roles" time="0.561" /><testcase classname="backend.tests.test_live_cricket.TestPlayersAPI" name="test_players_have_both_teams" time="0.683" /><testcase classname="backend.tests.test_live_cricket.TestPlayersAPI" name="test_players_have_valid_credits" time="0.567" /><testcase classname="backend.tests.test_live_cricket.TestPlayersAPI" name="test_sa_teams_get_sa_players" time="0.506" /><testcase classname="backend.tests.test_live_cricket.TestPlayersAPI" name="test_invalid_match_id_returns_404" time="0.357" /><testcase classname="backend.tests.test_live_cricket.TestLoginAndAuth" name="test_login_with_test_credentials" time="0.374" /><testcase classname="backend.tests.test_live_cricket.TestLoginAndAuth" name="test_user_profile_with_token" time="0.658" /><testcase classname="backend.tests.test_live_cricket.TestContestsIntegration" name="test_contests_can_fetch_live_matches" time="0.273" /></testsuite></testsuites>