<?xml version="1.0" encoding="utf-8"?><testsuites name="pytest tests"><testsuite name="pytest" errors="0" failures="0" skipped="0" tests="56" time="11.810" timestamp="2026-03-10T09:52:00.506698+00:00" hostname="agent-env-5f6cf3f3-fcfa-483c-ae66-e58ef2b1a550"><testcase classname="backend.tests.test_master_e2e_audit_40.TestJourney1_OTPRegistration" name="test_send_otp_returns_sent" time="0.464" /><testcase classname="backend.tests.test_master_e2e_audit_40.TestJourney1_OTPRegistration" name="test_otp_wrong_returns_400" time="0.771" /><testcase classname="backend.tests.test_master_e2e_audit_40.TestJourney2_Login" name="test_login_returns_access_token" time="0.325" /><testcase classname="backend.tests.test_master_e2e_audit_40.TestJourney2_Login" name="test_login_token_works_on_me" time="0.327" /><testcase classname="backend.tests.test_master_e2e_audit_40.TestJourney2_Login" name="test_login_wrong_password_returns_401" time="0.274" /><testcase classname="backend.tests.test_master_e2e_audit_40.TestJourney3_UserData" name="test_me_returns_user_object" time="0.326" /><testcase classname="backend.tests.test_master_e2e_audit_40.TestJourney4_CheckIn" name="test_streak_status" time="0.054" /><testcase classname="backend.tests.test_master_e2e_audit_40.TestJourney4_CheckIn" name="test_daily_checkin_response" time="0.054" /><testcase classname="backend.tests.test_master_e2e_audit_40.TestJourney4_CheckIn" name="test_old_checkin_also_works" time="0.052" /><testcase classname="backend.tests.test_master_e2e_audit_40.TestJourney5_MatchesAndPredictions" name="test_es_matches_returns_array" time="4.693" /><testcase classname="backend.tests.test_master_e2e_audit_40.TestJourney5_MatchesAndPredictions" name="test_v2_matches_live" time="0.058" /><testcase classname="backend.tests.test_master_e2e_audit_40.TestJourney5_MatchesAndPredictions" name="test_prediction_types_available" time="0.051" /><testcase classname="backend.tests.test_master_e2e_audit_40.TestJourney5_MatchesAndPredictions" name="test_my_predictions_returns_array" time="0.054" /><testcase classname="backend.tests.test_master_e2e_audit_40.TestJourney6_WatchAndEarn" name="test_ads_status" time="0.053" /><testcase classname="backend.tests.test_master_e2e_audit_40.TestJourney6_WatchAndEarn" name="test_ads_reward_endpoint_exists" time="0.057" /><testcase classname="backend.tests.test_master_e2e_audit_40.TestJourney7_Shop" name="test_products_returns_array" time="0.054" /><testcase classname="backend.tests.test_master_e2e_audit_40.TestJourney7_Shop" name="test_products_have_required_fields" time="0.052" /><testcase classname="backend.tests.test_master_e2e_audit_40.TestJourney7_Shop" name="test_redeem_insufficient_coins" time="0.154" /><testcase classname="backend.tests.test_master_e2e_audit_40.TestJourney8_Leaderboards" name="test_global_leaderboard" time="0.052" /><testcase classname="backend.tests.test_master_e2e_audit_40.TestJourney8_Leaderboards" name="test_weekly_leaderboard" time="0.066" /><testcase classname="backend.tests.test_master_e2e_audit_40.TestJourney8_Leaderboards" name="test_streak_leaderboard" time="0.050" /><testcase classname="backend.tests.test_master_e2e_audit_40.TestJourney9_Referrals" name="test_referral_code_format" time="0.048" /><testcase classname="backend.tests.test_master_e2e_audit_40.TestJourney9_Referrals" name="test_referral_stats_has_referral_code" time="0.053" /><testcase classname="backend.tests.test_master_e2e_audit_40.TestJourney11_Wallet" name="test_transactions_returns_array" time="0.049" /><testcase classname="backend.tests.test_master_e2e_audit_40.TestJourney11_Wallet" name="test_ledger_balance" time="0.049" /><testcase classname="backend.tests.test_master_e2e_audit_40.TestJourney11_Wallet" name="test_ledger_history" time="0.049" /><testcase classname="backend.tests.test_master_e2e_audit_40.TestJourney11_Wallet" name="test_wallet_history_v2" time="0.072" /><testcase classname="backend.tests.test_master_e2e_audit_40.TestJourney12_MatchCentre" name="test_es_matches_endpoint" time="0.896" /><testcase classname="backend.tests.test_master_e2e_audit_40.TestJourney12_MatchCentre" name="test_all_matches_v2" time="0.052" /><testcase classname="backend.tests.test_master_e2e_audit_40.TestJourney13_Admin" name="test_kpis_endpoint_requires_auth" time="0.061" /><testcase classname="backend.tests.test_master_e2e_audit_40.TestJourney13_Admin" name="test_kpis_with_admin_auth" time="0.435" /><testcase classname="backend.tests.test_master_e2e_audit_40.TestJourney13_Admin" name="test_admin_login_returns_token" time="0.293" /><testcase classname="backend.tests.test_master_e2e_audit_40.TestJourney20_SponsoredPools" name="test_sponsored_pools_endpoint" time="0.053" /><testcase classname="backend.tests.test_master_e2e_audit_40.TestJourney21_Quest" name="test_quest_status_no_500" time="0.051" /><testcase classname="backend.tests.test_master_e2e_audit_40.TestJourney24_PWAManifest" name="test_manifest_json" time="0.046" /><testcase classname="backend.tests.test_master_e2e_audit_40.TestJourney25_SeoFiles" name="test_robots_txt" time="0.047" /><testcase classname="backend.tests.test_master_e2e_audit_40.TestJourney25_SeoFiles" name="test_sitemap_xml" time="0.053" /><testcase classname="backend.tests.test_master_e2e_audit_40.TestJourney28_DemandProgress" name="test_demand_progress_structure" time="0.054" /><testcase classname="backend.tests.test_master_e2e_audit_40.TestJourney29_WalletBalance" name="test_wallet_balance_number" time="0.073" /><testcase classname="backend.tests.test_master_e2e_audit_40.TestJourney29_WalletBalance" name="test_coins_balance_endpoint" time="0.047" /><testcase classname="backend.tests.test_master_e2e_audit_40.TestJourney30_ErrorHandling" name="test_auth_me_without_token_returns_401" time="0.154" /><testcase classname="backend.tests.test_master_e2e_audit_40.TestJourney30_ErrorHandling" name="test_products_no_auth_still_works" time="0.108" /><testcase classname="backend.tests.test_master_e2e_audit_40.TestJourney30_ErrorHandling" name="test_ledger_balance_without_auth_returns_401" time="0.107" /><testcase classname="backend.tests.test_master_e2e_audit_40.TestJourney30_ErrorHandling" name="test_quest_without_auth_returns_401" time="0.111" /><testcase classname="backend.tests.test_master_e2e_audit_40.TestJourney30_ErrorHandling" name="test_invalid_token_returns_401" time="0.104" /><testcase classname="backend.tests.test_master_e2e_audit_40.TestAPICompleteness" name="test_v2_health" time="0.048" /><testcase classname="backend.tests.test_master_e2e_audit_40.TestAPICompleteness" name="test_api_checkin_status_route" time="0.050" /><testcase classname="backend.tests.test_master_e2e_audit_40.TestAPICompleteness" name="test_api_v2_products_route" time="0.050" /><testcase classname="backend.tests.test_master_e2e_audit_40.TestAPICompleteness" name="test_api_v2_leaderboard_global_route" time="0.049" /><testcase classname="backend.tests.test_master_e2e_audit_40.TestAPICompleteness" name="test_api_v2_transactions_route" time="0.051" /><testcase classname="backend.tests.test_master_e2e_audit_40.TestAPICompleteness" name="test_api_v2_sponsored_pools_route" time="0.049" /><testcase classname="backend.tests.test_master_e2e_audit_40.TestAPICompleteness" name="test_api_v2_demand_progress_route" time="0.052" /><testcase classname="backend.tests.test_master_e2e_audit_40.TestAPICompleteness" name="test_api_v2_wallet_balance_route" time="0.061" /><testcase classname="backend.tests.test_master_e2e_audit_40.TestAPICompleteness" name="test_api_v2_ads_available_route" time="0.048" /><testcase classname="backend.tests.test_master_e2e_audit_40.TestAPICompleteness" name="test_prediction_stats_v2" time="0.053" /><testcase classname="backend.tests.test_master_e2e_audit_40.TestAPICompleteness" name="test_faq_endpoint" time="0.055" /></testsuite></testsuites>