<?xml version="1.0" encoding="utf-8"?><testsuites name="pytest tests"><testsuite name="pytest" errors="0" failures="0" skipped="0" tests="55" time="35.146" timestamp="2026-03-11T13:49:15.188206+00:00" hostname="agent-env-9208ed0e-9480-4cd5-8b3f-2bf837c5bedc"><testcase classname="backend.tests.test_master_audit_49.TestHealth" name="test_health_returns_200" time="0.901" /><testcase classname="backend.tests.test_master_audit_49.TestHealth" name="test_health_database_connected" time="0.883" /><testcase classname="backend.tests.test_master_audit_49.TestHealth" name="test_health_env_production" time="0.869" /><testcase classname="backend.tests.test_master_audit_49.TestAuth" name="test_login_valid_returns_token" time="0.377" /><testcase classname="backend.tests.test_master_audit_49.TestAuth" name="test_login_invalid_returns_401" time="0.111" /><testcase classname="backend.tests.test_master_audit_49.TestAuth" name="test_admin_login_works" time="0.346" /><testcase classname="backend.tests.test_master_audit_49.TestAuth" name="test_jwt_required_for_protected" time="0.176" /><testcase classname="backend.tests.test_master_audit_49.TestAuth" name="test_unauth_returns_401_not_500" time="0.302" /><testcase classname="backend.tests.test_master_audit_49.TestCoinEconomy" name="test_get_balance_with_auth" time="0.119" /><testcase classname="backend.tests.test_master_audit_49.TestCoinEconomy" name="test_check_in_endpoint_exists" time="0.113" /><testcase classname="backend.tests.test_master_audit_49.TestCoinEconomy" name="test_check_in_response_structure" time="0.099" /><testcase classname="backend.tests.test_master_audit_49.TestShop" name="test_products_endpoint_exists" time="0.116" /><testcase classname="backend.tests.test_master_audit_49.TestShop" name="test_router_skus_no_trademark_brands" time="0.139" /><testcase classname="backend.tests.test_master_audit_49.TestShop" name="test_sponsored_endpoint_exists" time="0.110" /><testcase classname="backend.tests.test_master_audit_49.TestShop" name="test_sponsored_no_trademark_brands" time="0.104" /><testcase classname="backend.tests.test_master_audit_49.TestMatchCentre" name="test_live_matches_endpoint" time="0.119" /><testcase classname="backend.tests.test_master_audit_49.TestMatchCentre" name="test_all_matches_endpoint" time="0.123" /><testcase classname="backend.tests.test_master_audit_49.TestKPIs" name="test_kpi_requires_auth" time="0.157" /><testcase classname="backend.tests.test_master_audit_49.TestKPIs" name="test_kpi_returns_data_for_admin" time="0.160" /><testcase classname="backend.tests.test_master_audit_49.TestKPIs" name="test_kpi_users_field" time="0.122" /><testcase classname="backend.tests.test_master_audit_49.TestFCMCampaigns" name="test_campaign_endpoint_exists" time="0.107" /><testcase classname="backend.tests.test_master_audit_49.TestFCMCampaigns" name="test_campaign_requires_admin" time="0.117" /><testcase classname="backend.tests.test_master_audit_49.TestFCMCampaigns" name="test_campaign_templates_endpoint" time="0.123" /><testcase classname="backend.tests.test_master_audit_49.TestFCMCampaigns" name="test_list_campaigns_endpoint" time="0.122" /><testcase classname="backend.tests.test_master_audit_49.TestCashfree" name="test_cashfree_status_endpoint" time="0.110" /><testcase classname="backend.tests.test_master_audit_49.TestCashfree" name="test_cashfree_create_order_exists" time="0.113" /><testcase classname="backend.tests.test_master_audit_49.TestCashfree" name="test_cashfree_packages_endpoint" time="0.106" /><testcase classname="backend.tests.test_master_audit_49.TestReloadly" name="test_reloadly_catalog_returns_products" time="0.623" /><testcase classname="backend.tests.test_master_audit_49.TestReloadly" name="test_reloadly_india_catalog" time="0.114" /><testcase classname="backend.tests.test_master_audit_49.TestReloadly" name="test_reloadly_order_endpoint_exists" time="0.114" /><testcase classname="backend.tests.test_master_audit_49.TestReloadly" name="test_reloadly_status_endpoint" time="10.219" /><testcase classname="backend.tests.test_master_audit_49.TestLeaderboard" name="test_leaderboard_endpoint" time="0.205" /><testcase classname="backend.tests.test_master_audit_49.TestLeaderboard" name="test_no_ipl_champ_in_leaderboard" time="0.160" /><testcase classname="backend.tests.test_master_audit_49.TestLeaderboard" name="test_card_game_leaderboard" time="0.111" /><testcase classname="backend.tests.test_master_audit_49.TestWallet" name="test_wallet_history_endpoint" time="0.104" /><testcase classname="backend.tests.test_master_audit_49.TestWallet" name="test_wallet_history_has_unique_ids" time="0.110" /><testcase classname="backend.tests.test_master_audit_49.TestProfile" name="test_profile_endpoint" time="0.112" /><testcase classname="backend.tests.test_master_audit_49.TestProfile" name="test_prediction_streak_endpoint" time="0.127" /><testcase classname="backend.tests.test_master_audit_49.TestAdminPanel" name="test_admin_kpi_data" time="0.115" /><testcase classname="backend.tests.test_master_audit_49.TestAdminPanel" name="test_admin_kpi_arr_forecast_data" time="0.119" /><testcase classname="backend.tests.test_master_audit_49.TestSponsoredPools" name="test_sponsored_pools_endpoint" time="0.105" /><testcase classname="backend.tests.test_master_audit_49.TestSponsoredPools" name="test_sponsored_no_ipl2026" time="0.112" /><testcase classname="backend.tests.test_master_audit_49.TestCardGames" name="test_teen_patti_win_endpoint" time="0.130" /><testcase classname="backend.tests.test_master_audit_49.TestCardGames" name="test_solitaire_win_endpoint" time="0.114" /><testcase classname="backend.tests.test_master_audit_49.TestCardGames" name="test_rummy_win_endpoint" time="0.108" /><testcase classname="backend.tests.test_master_audit_49.TestCardGames" name="test_poker_win_endpoint" time="0.109" /><testcase classname="backend.tests.test_master_audit_49.TestCardGames" name="test_card_game_streak" time="0.119" /><testcase classname="backend.tests.test_master_audit_49.TestLoadTest" name="test_health_under_load_50_concurrent" time="6.924" /><testcase classname="backend.tests.test_master_audit_49.TestLoadTest" name="test_live_matches_under_load" time="0.850" /><testcase classname="backend.tests.test_master_audit_49.TestLoadTest" name="test_products_under_load" time="7.330" /><testcase classname="backend.tests.test_master_audit_49.TestPWA" name="test_manifest_accessible" time="0.131" /><testcase classname="backend.tests.test_master_audit_49.TestPWA" name="test_service_worker_accessible" time="0.136" /><testcase classname="backend.tests.test_master_audit_49.TestCompliance" name="test_faq_endpoint_accessible" time="0.110" /><testcase classname="backend.tests.test_master_audit_49.TestCompliance" name="test_no_ipl2026_in_skus" time="0.154" /><testcase classname="backend.tests.test_master_audit_49.TestCompliance" name="test_prediction_types_no_ipl" time="0.118" /></testsuite></testsuites>