<?xml version="1.0" encoding="utf-8"?><testsuites name="pytest tests"><testsuite name="pytest" errors="0" failures="0" skipped="0" tests="20" time="11.151" timestamp="2026-03-02T20:00:23.191088+00:00" hostname="agent-env-66ffa404-5f00-4db5-a5e0-cd37ee7a1ad0"><testcase classname="backend.tests.test_navbar_audit.TestHealthAndBasics" name="test_health_endpoint" time="0.229" /><testcase classname="backend.tests.test_navbar_audit.TestHealthAndBasics" name="test_api_accessible" time="0.128" /><testcase classname="backend.tests.test_navbar_audit.TestAuthentication" name="test_admin_login" time="0.364" /><testcase classname="backend.tests.test_navbar_audit.TestAuthentication" name="test_login_wrong_password" time="0.333" /><testcase classname="backend.tests.test_navbar_audit.TestTutorialAPI" name="test_tutorial_status" time="0.467" /><testcase classname="backend.tests.test_navbar_audit.TestEntitySportMatches" name="test_upcoming_matches" time="1.250" /><testcase classname="backend.tests.test_navbar_audit.TestEntitySportMatches" name="test_live_matches" time="1.240" /><testcase classname="backend.tests.test_navbar_audit.TestEntitySportMatches" name="test_completed_matches" time="1.241" /><testcase classname="backend.tests.test_navbar_audit.TestFreeBucksAPI" name="test_freebucks_balance" time="0.518" /><testcase classname="backend.tests.test_navbar_audit.TestFreeBucksAPI" name="test_freebucks_packages" time="0.442" /><testcase classname="backend.tests.test_navbar_audit.TestCardsAPI" name="test_cards_inventory" time="0.464" /><testcase classname="backend.tests.test_navbar_audit.TestPredictionsAPI" name="test_predictions_stats" time="0.484" /><testcase classname="backend.tests.test_navbar_audit.TestUserAPI" name="test_user_stats" time="0.484" /><testcase classname="backend.tests.test_navbar_audit.TestUserAPI" name="test_user_profile_me" time="0.498" /><testcase classname="backend.tests.test_navbar_audit.TestLedgerAPI" name="test_ledger_balance" time="0.477" /><testcase classname="backend.tests.test_navbar_audit.TestLedgerAPI" name="test_ledger_history" time="0.463" /><testcase classname="backend.tests.test_navbar_audit.TestReferralsAPI" name="test_referral_code" time="0.460" /><testcase classname="backend.tests.test_navbar_audit.TestReferralsAPI" name="test_referral_stats" time="0.484" /><testcase classname="backend.tests.test_navbar_audit.TestGamesAPI" name="test_coins_balance" time="0.521" /><testcase classname="backend.tests.test_navbar_audit.TestGamesAPI" name="test_tasks" time="0.529" /></testsuite></testsuites>