<?xml version="1.0" encoding="utf-8"?><testsuites name="pytest tests"><testsuite name="pytest" errors="0" failures="0" skipped="0" tests="21" time="3.032" timestamp="2026-03-15T10:53:28.087214+00:00" hostname="agent-env-2c2ce6c9-02d5-44cc-b72d-7e9558a290e1"><testcase classname="backend.tests.test_notifications_57.TestTriggerTestEndpoint" name="test_trigger_test_admin_returns_ok_true" time="0.606" /><testcase classname="backend.tests.test_notifications_57.TestTriggerTestEndpoint" name="test_trigger_test_admin_inserts_2" time="0.057" /><testcase classname="backend.tests.test_notifications_57.TestTriggerTestEndpoint" name="test_trigger_test_non_admin_returns_403" time="0.494" /><testcase classname="backend.tests.test_notifications_57.TestTriggerTestEndpoint" name="test_trigger_test_no_auth_returns_401" time="0.102" /><testcase classname="backend.tests.test_notifications_57.TestGetNotifications" name="test_get_notifications_returns_200" time="0.057" /><testcase classname="backend.tests.test_notifications_57.TestGetNotifications" name="test_get_notifications_response_structure" time="0.070" /><testcase classname="backend.tests.test_notifications_57.TestGetNotifications" name="test_get_notifications_has_items_after_trigger" time="0.109" /><testcase classname="backend.tests.test_notifications_57.TestGetNotifications" name="test_get_notifications_has_activation_trigger_type" time="0.111" /><testcase classname="backend.tests.test_notifications_57.TestGetNotifications" name="test_get_notifications_has_streak_reminder_type" time="0.112" /><testcase classname="backend.tests.test_notifications_57.TestGetNotifications" name="test_get_notifications_no_auth_returns_401" time="0.123" /><testcase classname="backend.tests.test_notifications_57.TestGetNotifications" name="test_notifications_unread_count_reflects_unread_items" time="0.056" /><testcase classname="backend.tests.test_notifications_57.TestGetNotifications" name="test_notifications_have_required_fields" time="0.112" /><testcase classname="backend.tests.test_notifications_57.TestGetNotifications" name="test_notifications_no_mongo_id_exposed" time="0.057" /><testcase classname="backend.tests.test_notifications_57.TestGetNotifications" name="test_get_notifications_for_regular_user" time="0.055" /><testcase classname="backend.tests.test_notifications_57.TestReadAllNotifications" name="test_read_all_returns_200" time="0.114" /><testcase classname="backend.tests.test_notifications_57.TestReadAllNotifications" name="test_read_all_returns_ok_true" time="0.111" /><testcase classname="backend.tests.test_notifications_57.TestReadAllNotifications" name="test_read_all_marks_notifications_as_read" time="0.233" /><testcase classname="backend.tests.test_notifications_57.TestReadAllNotifications" name="test_read_all_no_auth_returns_401" time="0.097" /><testcase classname="backend.tests.test_notifications_57.TestActivationTriggerCampaignLogic" name="test_trigger_test_response_has_note_field" time="0.055" /><testcase classname="backend.tests.test_notifications_57.TestActivationTriggerCampaignLogic" name="test_trigger_test_creates_activation_notification_with_correct_fields" time="0.113" /><testcase classname="backend.tests.test_notifications_57.TestActivationTriggerCampaignLogic" name="test_trigger_test_creates_streak_reminder_with_correct_fields" time="0.111" /></testsuite></testsuites>