<?xml version="1.0" encoding="utf-8"?><testsuites name="pytest tests"><testsuite name="pytest" errors="0" failures="0" skipped="0" tests="14" time="4.010" timestamp="2026-03-10T10:16:13.857021+00:00" hostname="agent-env-5f6cf3f3-fcfa-483c-ae66-e58ef2b1a550"><testcase classname="backend.tests.test_otp_login_tab.TestSendOtpForLogin" name="test_send_otp_existing_user_returns_200" time="0.443" /><testcase classname="backend.tests.test_otp_login_tab.TestSendOtpForLogin" name="test_send_otp_has_dev_otp_in_response" time="0.246" /><testcase classname="backend.tests.test_otp_login_tab.TestSendOtpForLogin" name="test_send_otp_invalid_email_returns_422" time="0.051" /><testcase classname="backend.tests.test_otp_login_tab.TestSendOtpForLogin" name="test_send_otp_missing_email_returns_422" time="0.047" /><testcase classname="backend.tests.test_otp_login_tab.TestVerifyOtpRegisterExistingUser" name="test_correct_otp_existing_user_returns_access_token" time="0.376" /><testcase classname="backend.tests.test_otp_login_tab.TestVerifyOtpRegisterExistingUser" name="test_correct_otp_returns_user_object" time="0.260" /><testcase classname="backend.tests.test_otp_login_tab.TestVerifyOtpRegisterExistingUser" name="test_access_token_allows_me_endpoint" time="0.401" /><testcase classname="backend.tests.test_otp_login_tab.TestVerifyOtpRegisterExistingUser" name="test_wrong_otp_returns_400_with_error" time="0.446" /><testcase classname="backend.tests.test_otp_login_tab.TestVerifyOtpRegisterExistingUser" name="test_no_otp_record_returns_400" time="0.054" /><testcase classname="backend.tests.test_otp_login_tab.TestVerifyOtpRegisterExistingUser" name="test_response_does_not_contain_password_hash" time="0.265" /><testcase classname="backend.tests.test_otp_login_tab.TestVerifyOtpRegisterExistingUser" name="test_otp_in_db_uses_field_otp_not_otp_code" time="0.252" /><testcase classname="backend.tests.test_otp_login_tab.TestPasswordLoginRegression" name="test_password_login_existing_user_returns_token" time="0.281" /><testcase classname="backend.tests.test_otp_login_tab.TestPasswordLoginRegression" name="test_password_login_wrong_password_returns_401" time="0.269" /><testcase classname="backend.tests.test_otp_login_tab.TestPasswordLoginRegression" name="test_password_login_me_endpoint_works" time="0.387" /></testsuite></testsuites>