<?xml version="1.0" encoding="utf-8"?><testsuites name="pytest tests"><testsuite name="pytest" errors="0" failures="0" skipped="0" tests="21" time="4.559" timestamp="2026-03-05T11:40:33.267045+00:00" hostname="agent-env-bcd1a380-978b-43d7-8b20-42cda28b3e8d"><testcase classname="backend.tests.test_otp_resend.TestSendOTP" name="test_send_otp_returns_200_and_sent_true" time="0.543" /><testcase classname="backend.tests.test_otp_resend.TestSendOTP" name="test_send_otp_returns_email_field" time="0.230" /><testcase classname="backend.tests.test_otp_resend.TestSendOTP" name="test_send_otp_returns_dev_otp_when_resend_domain_unverified" time="0.254" /><testcase classname="backend.tests.test_otp_resend.TestSendOTP" name="test_send_otp_returns_expires_in" time="0.214" /><testcase classname="backend.tests.test_otp_resend.TestSendOTP" name="test_send_otp_cooldown_returns_429_within_60s" time="0.274" /><testcase classname="backend.tests.test_otp_resend.TestSendOTP" name="test_send_otp_invalid_email_returns_422" time="0.055" /><testcase classname="backend.tests.test_otp_resend.TestSendOTP" name="test_send_otp_missing_email_field_returns_422" time="0.053" /><testcase classname="backend.tests.test_otp_resend.TestVerifyOTP" name="test_verify_correct_otp_returns_verified_true" time="0.312" /><testcase classname="backend.tests.test_otp_resend.TestVerifyOTP" name="test_verify_correct_otp_returns_email" time="0.262" /><testcase classname="backend.tests.test_otp_resend.TestVerifyOTP" name="test_verify_wrong_otp_returns_400" time="0.260" /><testcase classname="backend.tests.test_otp_resend.TestVerifyOTP" name="test_verify_wrong_otp_returns_attempts_remaining" time="0.257" /><testcase classname="backend.tests.test_otp_resend.TestVerifyOTP" name="test_verify_too_many_attempts_returns_400_with_message" time="0.559" /><testcase classname="backend.tests.test_otp_resend.TestVerifyOTP" name="test_verify_no_otp_record_returns_400" time="0.050" /><testcase classname="backend.tests.test_otp_resend.TestVerifyOTP" name="test_verify_otp_invalid_email_returns_422" time="0.052" /><testcase classname="backend.tests.test_otp_resend.TestVerifyOTP" name="test_verify_expired_otp_returns_400" time="0.325" /><testcase classname="backend.tests.test_otp_resend.TestEmailStatus" name="test_email_status_without_token_returns_401" time="0.052" /><testcase classname="backend.tests.test_otp_resend.TestEmailStatus" name="test_email_status_with_invalid_token_returns_401" time="0.108" /><testcase classname="backend.tests.test_otp_resend.TestEmailStatus" name="test_email_status_with_valid_token_returns_200" time="0.376" /><testcase classname="backend.tests.test_otp_resend.TestResendIntegration" name="test_resend_key_is_set_in_env" time="0.002" /><testcase classname="backend.tests.test_otp_resend.TestResendIntegration" name="test_resend_from_email_is_set" time="0.001" /><testcase classname="backend.tests.test_otp_resend.TestResendIntegration" name="test_otp_send_triggers_resend_attempt_evidenced_by_dev_otp_fallback" time="0.232" /></testsuite></testsuites>