<?xml version="1.0" encoding="utf-8"?><testsuites name="pytest tests"><testsuite name="pytest" errors="0" failures="1" skipped="9" tests="33" time="4.623" timestamp="2026-02-24T11:44:49.832153+00:00" hostname="agent-env-e5e27cf8-8c14-4a36-9692-ddaa74710aa4"><testcase classname="backend.tests.test_phase1_beta.TestFeatureFlags" name="test_get_all_feature_flags" time="0.250" /><testcase classname="backend.tests.test_phase1_beta.TestFeatureFlags" name="test_get_single_feature_flag" time="0.100" /><testcase classname="backend.tests.test_phase1_beta.TestFeatureFlags" name="test_get_blocked_states" time="0.106" /><testcase classname="backend.tests.test_phase1_beta.TestAgeGate" name="test_age_gate_over_18" time="0.106" /><testcase classname="backend.tests.test_phase1_beta.TestAgeGate" name="test_age_gate_under_18" time="0.113" /><testcase classname="backend.tests.test_phase1_beta.TestAgeGate" name="test_age_gate_invalid_format" time="0.124" /><testcase classname="backend.tests.test_phase1_beta.TestGeoBlocking" name="test_geo_allowed_state" time="0.102" /><testcase classname="backend.tests.test_phase1_beta.TestGeoBlocking" name="test_geo_blocked_state_andhra" time="0.108" /><testcase classname="backend.tests.test_phase1_beta.TestGeoBlocking" name="test_geo_blocked_state_telangana" time="0.092" /><testcase classname="backend.tests.test_phase1_beta.TestGeoBlocking" name="test_geo_blocked_state_sikkim" time="0.097" /><testcase classname="backend.tests.test_phase1_beta.TestComplianceCheck" name="test_compliance_all_pass" time="0.115" /><testcase classname="backend.tests.test_phase1_beta.TestComplianceCheck" name="test_compliance_underage_blocked_state" time="0.103" /><testcase classname="backend.tests.test_phase1_beta.TestBetaRegistration" name="test_beta_status" time="0.101" /><testcase classname="backend.tests.test_phase1_beta.TestBetaRegistration" name="test_validate_invite_code_valid" time="0.100"><failure message="assert 404 in [200, 400]&#10; +  where 404 = &lt;Response [404]&gt;.status_code">backend/tests/test_phase1_beta.py:230: in test_validate_invite_code_valid
    assert response.status_code in [200, 400]
E   assert 404 in [200, 400]
E    +  where 404 = &lt;Response [404]&gt;.status_code</failure></testcase><testcase classname="backend.tests.test_phase1_beta.TestBetaRegistration" name="test_validate_invite_code_invalid" time="0.105" /><testcase classname="backend.tests.test_phase1_beta.TestCricketMatches" name="test_get_matches" time="0.117" /><testcase classname="backend.tests.test_phase1_beta.TestCricketMatches" name="test_get_live_matches" time="0.102" /><testcase classname="backend.tests.test_phase1_beta.TestCricketPredictions" name="test_get_cricket_leaderboard" time="0.213" /><testcase classname="backend.tests.test_phase1_beta.TestCricketPredictions" name="test_over_prediction_endpoint_exists" time="0.112"><skipped type="pytest.skip" message="No auth token available">/app/backend/tests/test_phase1_beta.py:308: No auth token available</skipped></testcase><testcase classname="backend.tests.test_phase1_beta.TestCricketPredictions" name="test_winner_prediction_endpoint_exists" time="0.113"><skipped type="pytest.skip" message="No auth token available">/app/backend/tests/test_phase1_beta.py:334: No auth token available</skipped></testcase><testcase classname="backend.tests.test_phase1_beta.TestCricketPredictions" name="test_prediction_status" time="0.104"><skipped type="pytest.skip" message="No auth token available">/app/backend/tests/test_phase1_beta.py:361: No auth token available</skipped></testcase><testcase classname="backend.tests.test_phase1_beta.TestPrivateLeagues" name="test_create_league" time="0.100"><skipped type="pytest.skip" message="No auth token available">/app/backend/tests/test_phase1_beta.py:405: No auth token available</skipped></testcase><testcase classname="backend.tests.test_phase1_beta.TestPrivateLeagues" name="test_get_my_leagues" time="0.095"><skipped type="pytest.skip" message="No auth token available">/app/backend/tests/test_phase1_beta.py:434: No auth token available</skipped></testcase><testcase classname="backend.tests.test_phase1_beta.TestPrivateLeagues" name="test_join_league_invalid_code" time="0.141"><skipped type="pytest.skip" message="No auth token available">/app/backend/tests/test_phase1_beta.py:447: No auth token available</skipped></testcase><testcase classname="backend.tests.test_phase1_beta.TestFantasyPlayers" name="test_get_players_for_match" time="0.227" /><testcase classname="backend.tests.test_phase1_beta.TestFantasyPlayers" name="test_get_match_contests" time="0.213" /><testcase classname="backend.tests.test_phase1_beta.TestFantasyPlayers" name="test_get_points_system" time="0.100" /><testcase classname="backend.tests.test_phase1_beta.TestShopRedemption" name="test_get_products" time="0.212" /><testcase classname="backend.tests.test_phase1_beta.TestShopRedemption" name="test_get_products_by_category" time="0.206" /><testcase classname="backend.tests.test_phase1_beta.TestShopRedemption" name="test_get_redemptions" time="0.098"><skipped type="pytest.skip" message="No auth token available">/app/backend/tests/test_phase1_beta.py:555: No auth token available</skipped></testcase><testcase classname="backend.tests.test_phase1_beta.TestDashboardCommunity" name="test_dashboard_api" time="0.098"><skipped type="pytest.skip" message="No auth token available">/app/backend/tests/test_phase1_beta.py:577: No auth token available</skipped></testcase><testcase classname="backend.tests.test_phase1_beta.TestNoAdsFeature" name="test_no_ads_endpoints" time="0.384" /><testcase classname="backend.tests.test_phase1_beta.TestNoAdsFeature" name="test_tasks_no_ads" time="0.100"><skipped type="pytest.skip" message="No auth token available">/app/backend/tests/test_phase1_beta.py:620: No auth token available</skipped></testcase></testsuite></testsuites>