<?xml version="1.0" encoding="utf-8"?><testsuites name="pytest tests"><testsuite name="pytest" errors="0" failures="0" skipped="0" tests="24" time="8.046" timestamp="2026-02-23T11:05:02.756367+00:00" hostname="agent-env-cf0f6685-b183-4806-b985-56d7f40f0507"><testcase classname="backend.tests.test_phase3_automation.TestVoucherFulfillment" name="test_providers_status_returns_all_providers" time="0.236" /><testcase classname="backend.tests.test_phase3_automation.TestVoucherFulfillment" name="test_providers_are_mocked" time="0.120" /><testcase classname="backend.tests.test_phase3_automation.TestVoucherFulfillment" name="test_amazon_provider_details" time="0.103" /><testcase classname="backend.tests.test_phase3_automation.TestSupportChatbot" name="test_chat_suggestions_returns_initial_options" time="0.113" /><testcase classname="backend.tests.test_phase3_automation.TestSupportChatbot" name="test_chat_faq_coins_response" time="0.487" /><testcase classname="backend.tests.test_phase3_automation.TestSupportChatbot" name="test_chat_faq_redeem_response" time="0.442" /><testcase classname="backend.tests.test_phase3_automation.TestSupportChatbot" name="test_chat_support_ticket_action" time="0.439" /><testcase classname="backend.tests.test_phase3_automation.TestSupportChatbot" name="test_chat_requires_authentication" time="0.101" /><testcase classname="backend.tests.test_phase3_automation.TestSupportTickets" name="test_create_ticket_success" time="0.452" /><testcase classname="backend.tests.test_phase3_automation.TestSupportTickets" name="test_get_my_tickets" time="0.438" /><testcase classname="backend.tests.test_phase3_automation.TestSupportTickets" name="test_create_ticket_requires_auth" time="0.106" /><testcase classname="backend.tests.test_phase3_automation.TestBrandAuth" name="test_brand_register_new_account" time="0.335" /><testcase classname="backend.tests.test_phase3_automation.TestBrandAuth" name="test_brand_register_duplicate_email_fails" time="0.103" /><testcase classname="backend.tests.test_phase3_automation.TestBrandAuth" name="test_brand_login_success" time="0.322" /><testcase classname="backend.tests.test_phase3_automation.TestBrandAuth" name="test_brand_login_invalid_credentials" time="0.324" /><testcase classname="backend.tests.test_phase3_automation.TestBrandDashboard" name="test_dashboard_returns_roas_metrics" time="0.460" /><testcase classname="backend.tests.test_phase3_automation.TestBrandDashboard" name="test_dashboard_has_consumption_metrics" time="0.452" /><testcase classname="backend.tests.test_phase3_automation.TestBrandDashboard" name="test_dashboard_no_impressions_or_cpm" time="0.459" /><testcase classname="backend.tests.test_phase3_automation.TestBrandDashboard" name="test_dashboard_recent_activity" time="0.429" /><testcase classname="backend.tests.test_phase3_automation.TestBrandDashboard" name="test_dashboard_requires_brand_auth" time="0.099" /><testcase classname="backend.tests.test_phase3_automation.TestBrandCampaigns" name="test_get_campaigns" time="0.462" /><testcase classname="backend.tests.test_phase3_automation.TestBrandCampaigns" name="test_create_campaign" time="0.467" /><testcase classname="backend.tests.test_phase3_automation.TestBrandProducts" name="test_get_products" time="0.435" /><testcase classname="backend.tests.test_phase3_automation.TestBrandProducts" name="test_create_product" time="0.451" /></testsuite></testsuites>