<?xml version="1.0" encoding="utf-8"?><testsuites name="pytest tests"><testsuite name="pytest" errors="0" failures="0" skipped="2" tests="44" time="18.811" timestamp="2026-03-04T17:21:17.311990+00:00" hostname="agent-env-7cc9a28d-1efe-41e2-89e2-dd2a6dc2f6ff"><testcase classname="backend.tests.test_phase7_hardening.TestHealthCheck" name="test_health_returns_200" time="0.975" /><testcase classname="backend.tests.test_phase7_hardening.TestHealthCheck" name="test_health_has_database_status" time="0.901" /><testcase classname="backend.tests.test_phase7_hardening.TestHealthCheck" name="test_health_has_redis_status" time="0.906" /><testcase classname="backend.tests.test_phase7_hardening.TestHealthCheck" name="test_health_has_entitysport_status" time="0.914" /><testcase classname="backend.tests.test_phase7_hardening.TestHealthCheck" name="test_health_has_integrations" time="0.917" /><testcase classname="backend.tests.test_phase7_hardening.TestHealthCheck" name="test_health_integrations_are_stubbed" time="0.897" /><testcase classname="backend.tests.test_phase7_hardening.TestHealthCheck" name="test_health_version_field" time="1.174" /><testcase classname="backend.tests.test_phase7_hardening.TestHealthCheck" name="test_health_status_ok" time="0.903" /><testcase classname="backend.tests.test_phase7_hardening.TestAuth" name="test_register_new_user" time="0.353" /><testcase classname="backend.tests.test_phase7_hardening.TestAuth" name="test_admin_login" time="0.335" /><testcase classname="backend.tests.test_phase7_hardening.TestAuth" name="test_login_invalid_credentials" time="0.154" /><testcase classname="backend.tests.test_phase7_hardening.TestAuth" name="test_admin_has_is_admin_flag" time="0.333" /><testcase classname="backend.tests.test_phase7_hardening.TestContestSeeding" name="test_seed_contests_for_t20_match" time="0.490" /><testcase classname="backend.tests.test_phase7_hardening.TestContestSeeding" name="test_seed_is_idempotent" time="0.285" /><testcase classname="backend.tests.test_phase7_hardening.TestContestSeeding" name="test_seed_requires_auth" time="0.113" /><testcase classname="backend.tests.test_phase7_hardening.TestGetMatchContests" name="test_get_contests_returns_list" time="0.139" /><testcase classname="backend.tests.test_phase7_hardening.TestGetMatchContests" name="test_platform_contests_present" time="0.295" /><testcase classname="backend.tests.test_phase7_hardening.TestGetMatchContests" name="test_t20_world_cup_has_four_tiers" time="0.273" /><testcase classname="backend.tests.test_phase7_hardening.TestGetMatchContests" name="test_contests_have_required_fields" time="0.235" /><testcase classname="backend.tests.test_phase7_hardening.TestJoinContest" name="test_join_platform_contest" time="0.487"><skipped type="pytest.skip" message="No open practice contest available">/app/backend/tests/test_phase7_hardening.py:288: No open practice contest available</skipped></testcase><testcase classname="backend.tests.test_phase7_hardening.TestJoinContest" name="test_join_requires_auth" time="0.263" /><testcase classname="backend.tests.test_phase7_hardening.TestJoinContest" name="test_join_duplicate_returns_error" time="0.122"><skipped type="pytest.skip" message="No open practice contest available">/app/backend/tests/test_phase7_hardening.py:322: No open practice contest available</skipped></testcase><testcase classname="backend.tests.test_phase7_hardening.TestLeaderboard" name="test_leaderboard_returns_list" time="0.232" /><testcase classname="backend.tests.test_phase7_hardening.TestLeaderboard" name="test_leaderboard_entry_has_rank_and_prize" time="0.395" /><testcase classname="backend.tests.test_phase7_hardening.TestContestFinalization" name="test_finalize_requires_admin" time="0.242" /><testcase classname="backend.tests.test_phase7_hardening.TestContestFinalization" name="test_finalize_returns_result" time="0.225" /><testcase classname="backend.tests.test_phase7_hardening.TestContestFinalization" name="test_finalize_is_idempotent" time="0.416" /><testcase classname="backend.tests.test_phase7_hardening.TestContestFinalization" name="test_finalize_invalid_contest" time="0.255" /><testcase classname="backend.tests.test_phase7_hardening.TestAdminFinalizeMatch" name="test_bulk_finalize_requires_admin" time="0.108" /><testcase classname="backend.tests.test_phase7_hardening.TestAdminFinalizeMatch" name="test_bulk_finalize_match_returns_result" time="0.116" /><testcase classname="backend.tests.test_phase7_hardening.TestAdminFinalizeMatch" name="test_bulk_finalize_idempotent" time="0.250" /><testcase classname="backend.tests.test_phase7_hardening.TestPredictionLimit" name="test_submit_prediction_works" time="0.118" /><testcase classname="backend.tests.test_phase7_hardening.TestPredictionLimit" name="test_prediction_count_endpoint" time="0.110" /><testcase classname="backend.tests.test_phase7_hardening.TestPredictionLimit" name="test_prediction_max_limit_enforced" time="1.709" /><testcase classname="backend.tests.test_phase7_hardening.TestReferralEngine" name="test_get_referral_code" time="0.221" /><testcase classname="backend.tests.test_phase7_hardening.TestReferralEngine" name="test_referral_code_is_consistent" time="0.253" /><testcase classname="backend.tests.test_phase7_hardening.TestReferralEngine" name="test_bind_referral_creates_pending_binding" time="0.596" /><testcase classname="backend.tests.test_phase7_hardening.TestReferralEngine" name="test_cannot_self_refer" time="0.270" /><testcase classname="backend.tests.test_phase7_hardening.TestReferralEngine" name="test_invalid_referral_code" time="0.120" /><testcase classname="backend.tests.test_phase7_hardening.TestReferralEngine" name="test_get_referral_stats" time="0.129" /><testcase classname="backend.tests.test_phase7_hardening.TestCoinBalance" name="test_get_coin_balance" time="0.117" /><testcase classname="backend.tests.test_phase7_hardening.TestCoinBalance" name="test_admin_coin_balance" time="0.200" /><testcase classname="backend.tests.test_phase7_hardening.TestCoinBalance" name="test_coin_balance_requires_auth" time="0.154" /><testcase classname="backend.tests.test_phase7_hardening.TestReferralAbuseProtection" name="test_new_user_referral_binding_is_pending" time="1.042" /></testsuite></testsuites>