<?xml version="1.0" encoding="utf-8"?><testsuites name="pytest tests"><testsuite name="pytest" errors="0" failures="1" skipped="0" tests="33" time="8.257" timestamp="2026-02-24T11:45:08.999585+00:00" hostname="agent-env-e5e27cf8-8c14-4a36-9692-ddaa74710aa4"><testcase classname="backend.tests.test_phase1_beta.TestFeatureFlags" name="test_get_all_feature_flags" time="0.121" /><testcase classname="backend.tests.test_phase1_beta.TestFeatureFlags" name="test_get_single_feature_flag" time="0.118" /><testcase classname="backend.tests.test_phase1_beta.TestFeatureFlags" name="test_get_blocked_states" time="0.097" /><testcase classname="backend.tests.test_phase1_beta.TestAgeGate" name="test_age_gate_over_18" time="0.103" /><testcase classname="backend.tests.test_phase1_beta.TestAgeGate" name="test_age_gate_under_18" time="0.116" /><testcase classname="backend.tests.test_phase1_beta.TestAgeGate" name="test_age_gate_invalid_format" time="0.096" /><testcase classname="backend.tests.test_phase1_beta.TestGeoBlocking" name="test_geo_allowed_state" time="0.126" /><testcase classname="backend.tests.test_phase1_beta.TestGeoBlocking" name="test_geo_blocked_state_andhra" time="0.094" /><testcase classname="backend.tests.test_phase1_beta.TestGeoBlocking" name="test_geo_blocked_state_telangana" time="0.111" /><testcase classname="backend.tests.test_phase1_beta.TestGeoBlocking" name="test_geo_blocked_state_sikkim" time="0.096" /><testcase classname="backend.tests.test_phase1_beta.TestComplianceCheck" name="test_compliance_all_pass" time="0.115" /><testcase classname="backend.tests.test_phase1_beta.TestComplianceCheck" name="test_compliance_underage_blocked_state" time="0.109" /><testcase classname="backend.tests.test_phase1_beta.TestBetaRegistration" name="test_beta_status" time="0.097" /><testcase classname="backend.tests.test_phase1_beta.TestBetaRegistration" name="test_validate_invite_code_valid" time="0.104"><failure message="assert 404 in [200, 400]&#10; +  where 404 = &lt;Response [404]&gt;.status_code">backend/tests/test_phase1_beta.py:230: in test_validate_invite_code_valid
    assert response.status_code in [200, 400]
E   assert 404 in [200, 400]
E    +  where 404 = &lt;Response [404]&gt;.status_code</failure></testcase><testcase classname="backend.tests.test_phase1_beta.TestBetaRegistration" name="test_validate_invite_code_invalid" time="0.100" /><testcase classname="backend.tests.test_phase1_beta.TestCricketMatches" name="test_get_matches" time="0.120" /><testcase classname="backend.tests.test_phase1_beta.TestCricketMatches" name="test_get_live_matches" time="0.097" /><testcase classname="backend.tests.test_phase1_beta.TestCricketPredictions" name="test_get_cricket_leaderboard" time="0.434" /><testcase classname="backend.tests.test_phase1_beta.TestCricketPredictions" name="test_over_prediction_endpoint_exists" time="0.482" /><testcase classname="backend.tests.test_phase1_beta.TestCricketPredictions" name="test_winner_prediction_endpoint_exists" time="0.510" /><testcase classname="backend.tests.test_phase1_beta.TestCricketPredictions" name="test_prediction_status" time="0.503" /><testcase classname="backend.tests.test_phase1_beta.TestPrivateLeagues" name="test_create_league" time="0.451" /><testcase classname="backend.tests.test_phase1_beta.TestPrivateLeagues" name="test_get_my_leagues" time="0.442" /><testcase classname="backend.tests.test_phase1_beta.TestPrivateLeagues" name="test_join_league_invalid_code" time="0.460" /><testcase classname="backend.tests.test_phase1_beta.TestFantasyPlayers" name="test_get_players_for_match" time="0.210" /><testcase classname="backend.tests.test_phase1_beta.TestFantasyPlayers" name="test_get_match_contests" time="0.208" /><testcase classname="backend.tests.test_phase1_beta.TestFantasyPlayers" name="test_get_points_system" time="0.112" /><testcase classname="backend.tests.test_phase1_beta.TestShopRedemption" name="test_get_products" time="0.442" /><testcase classname="backend.tests.test_phase1_beta.TestShopRedemption" name="test_get_products_by_category" time="0.435" /><testcase classname="backend.tests.test_phase1_beta.TestShopRedemption" name="test_get_redemptions" time="0.444" /><testcase classname="backend.tests.test_phase1_beta.TestDashboardCommunity" name="test_dashboard_api" time="0.424" /><testcase classname="backend.tests.test_phase1_beta.TestNoAdsFeature" name="test_no_ads_endpoints" time="0.325" /><testcase classname="backend.tests.test_phase1_beta.TestNoAdsFeature" name="test_tasks_no_ads" time="0.466" /></testsuite></testsuites>