<?xml version="1.0" encoding="utf-8"?><testsuites name="pytest tests"><testsuite name="pytest" errors="0" failures="0" skipped="0" tests="48" time="24.241" timestamp="2026-03-14T21:05:48.259121+00:00" hostname="agent-env-ba08af96-1d4d-471d-95fa-b7b831df5c74"><testcase classname="tests.test_platform_v2.TestAuth" name="test_login_admin_success" time="0.229" /><testcase classname="tests.test_platform_v2.TestAuth" name="test_login_user_success" time="0.267" /><testcase classname="tests.test_platform_v2.TestAuth" name="test_login_wrong_password" time="0.266" /><testcase classname="tests.test_platform_v2.TestAuth" name="test_login_nonexistent_user" time="0.043" /><testcase classname="tests.test_platform_v2.TestAuth" name="test_me_with_valid_token" time="0.311" /><testcase classname="tests.test_platform_v2.TestAuth" name="test_me_without_token_returns_401" time="0.043" /><testcase classname="tests.test_platform_v2.TestAuth" name="test_register_duplicate_email_fails" time="0.044" /><testcase classname="tests.test_platform_v2.TestAuth" name="test_x_request_id_header_present" time="0.817" /><testcase classname="tests.test_platform_v2.TestAuth" name="test_x_response_time_header_present" time="0.768" /><testcase classname="tests.test_platform_v2.TestAdminSecurity" name="test_analytics_no_auth_returns_401" time="0.044" /><testcase classname="tests.test_platform_v2.TestAdminSecurity" name="test_analytics_user_token_returns_403" time="0.313" /><testcase classname="tests.test_platform_v2.TestAdminSecurity" name="test_analytics_admin_token_returns_200" time="0.317" /><testcase classname="tests.test_platform_v2.TestAdminSecurity" name="test_beta_metrics_no_auth_returns_401" time="0.044" /><testcase classname="tests.test_platform_v2.TestAdminSecurity" name="test_brand_roas_no_auth_returns_401" time="0.044" /><testcase classname="tests.test_platform_v2.TestAdminSecurity" name="test_products_create_non_admin_returns_403" time="0.313" /><testcase classname="tests.test_platform_v2.TestAdminSecurity" name="test_products_create_admin_succeeds" time="0.319" /><testcase classname="tests.test_platform_v2.TestCoinsAndCheckin" name="test_balance_endpoint" time="0.312" /><testcase classname="tests.test_platform_v2.TestCoinsAndCheckin" name="test_transactions_paginated" time="0.313" /><testcase classname="tests.test_platform_v2.TestCoinsAndCheckin" name="test_transactions_limit_enforced" time="0.313" /><testcase classname="tests.test_platform_v2.TestCoinsAndCheckin" name="test_checkin_race_condition_only_one_wins" time="0.325" /><testcase classname="tests.test_platform_v2.TestPredictions" name="test_get_my_predictions" time="0.313" /><testcase classname="tests.test_platform_v2.TestPredictions" name="test_get_prediction_stats" time="0.314" /><testcase classname="tests.test_platform_v2.TestPredictions" name="test_get_prediction_streak" time="0.313" /><testcase classname="tests.test_platform_v2.TestPredictions" name="test_prediction_types" time="0.312" /><testcase classname="tests.test_platform_v2.TestProducts" name="test_products_paginated" time="0.045" /><testcase classname="tests.test_platform_v2.TestProducts" name="test_products_category_filter" time="0.044" /><testcase classname="tests.test_platform_v2.TestProducts" name="test_products_search" time="0.045" /><testcase classname="tests.test_platform_v2.TestProducts" name="test_products_limit_max_enforced" time="0.043" /><testcase classname="tests.test_platform_v2.TestRedemption" name="test_redeem_nonexistent_product_returns_404" time="0.313" /><testcase classname="tests.test_platform_v2.TestRedemption" name="test_v2_redeem_missing_product" time="0.312" /><testcase classname="tests.test_platform_v2.TestGameEarnCaps" name="test_rummy_daily_cap" time="0.314" /><testcase classname="tests.test_platform_v2.TestGameEarnCaps" name="test_solitaire_daily_cap" time="0.313" /><testcase classname="tests.test_platform_v2.TestGameEarnCaps" name="test_card_leaderboard_public" time="0.314" /><testcase classname="tests.test_platform_v2.TestV2RouteHealth" name="test_matches_live" time="0.315" /><testcase classname="tests.test_platform_v2.TestV2RouteHealth" name="test_crowd_meter" time="0.315" /><testcase classname="tests.test_platform_v2.TestV2RouteHealth" name="test_wishlist" time="0.313" /><testcase classname="tests.test_platform_v2.TestV2RouteHealth" name="test_referral_code" time="0.313" /><testcase classname="tests.test_platform_v2.TestV2RouteHealth" name="test_quest_status" time="0.315" /><testcase classname="tests.test_platform_v2.TestV2RouteHealth" name="test_freebucks_packages" time="0.311" /><testcase classname="tests.test_platform_v2.TestV2RouteHealth" name="test_v2_health" time="0.313" /><testcase classname="tests.test_platform_v2.TestV2RouteHealth" name="test_vouchers_status" time="0.311" /><testcase classname="tests.test_platform_v2.TestV2RouteHealth" name="test_ledger_balance" time="0.314" /><testcase classname="tests.test_platform_v2.TestRateLimiting" name="test_auth_rate_limit_triggers_on_repeated_failures" time="0.190" /><testcase classname="tests.test_platform_v2.TestRateLimiting" name="test_health_endpoint_not_rate_limited" time="12.170" /><testcase classname="tests.test_platform_v2.TestValidation" name="test_register_missing_fields" time="0.045" /><testcase classname="tests.test_platform_v2.TestValidation" name="test_transactions_invalid_limit" time="0.313" /><testcase classname="tests.test_platform_v2.TestValidation" name="test_products_invalid_skip" time="0.043" /><testcase classname="tests.test_platform_v2.TestDatabaseIndexes" name="test_critical_indexes_exist" time="0.005" /></testsuite></testsuites>