<?xml version="1.0" encoding="utf-8"?><testsuites name="pytest tests"><testsuite name="pytest" errors="0" failures="0" skipped="0" tests="23" time="3.835" timestamp="2026-03-09T14:17:41.493621+00:00" hostname="agent-env-58d9111a-0beb-4b16-935b-7e269143e429"><testcase classname="backend.tests.test_production_release_33.TestKPIBreakage" name="test_breakage_requires_auth" time="0.251" /><testcase classname="backend.tests.test_production_release_33.TestKPIBreakage" name="test_breakage_returns_200" time="0.499" /><testcase classname="backend.tests.test_production_release_33.TestKPIBreakage" name="test_breakage_has_unredeemed_coin_ratio_pct" time="0.105" /><testcase classname="backend.tests.test_production_release_33.TestKPIBreakage" name="test_breakage_has_all_required_fields" time="0.193" /><testcase classname="backend.tests.test_production_release_33.TestKPIBreakage" name="test_breakage_target_is_10" time="0.118" /><testcase classname="backend.tests.test_production_release_33.TestPushTemplates" name="test_templates_endpoint_accessible_without_auth" time="0.120" /><testcase classname="backend.tests.test_production_release_33.TestPushTemplates" name="test_templates_returns_list" time="0.163" /><testcase classname="backend.tests.test_production_release_33.TestPushTemplates" name="test_templates_have_required_keys" time="0.151" /><testcase classname="backend.tests.test_production_release_33.TestPushTemplates" name="test_templates_contains_expected_keys" time="0.166" /><testcase classname="backend.tests.test_production_release_33.TestGoogleOAuthInvalidSession" name="test_google_oauth_invalid_session_returns_401" time="0.232" /><testcase classname="backend.tests.test_production_release_33.TestGoogleOAuthInvalidSession" name="test_google_oauth_random_session_returns_401" time="0.240" /><testcase classname="backend.tests.test_production_release_33.TestGoogleOAuthInvalidSession" name="test_google_oauth_missing_session_id_returns_422" time="0.113" /><testcase classname="backend.tests.test_production_release_33.TestRouterSKUs" name="test_router_skus_returns_200" time="0.130" /><testcase classname="backend.tests.test_production_release_33.TestRouterSKUs" name="test_router_skus_returns_list" time="0.139" /><testcase classname="backend.tests.test_production_release_33.TestRouterSKUs" name="test_router_skus_have_dynamic_coin_price" time="0.146" /><testcase classname="backend.tests.test_production_release_33.TestRouterSKUs" name="test_router_skus_have_demand_factor" time="0.128" /><testcase classname="backend.tests.test_production_release_33.TestRouterSKUs" name="test_router_skus_dynamic_price_positive" time="0.142" /><testcase classname="backend.tests.test_production_release_33.TestPushCampaign" name="test_push_campaign_requires_auth" time="0.107" /><testcase classname="backend.tests.test_production_release_33.TestPushCampaign" name="test_push_campaign_create_success" time="0.155" /><testcase classname="backend.tests.test_production_release_33.TestStaticFiles" name="test_robots_txt_accessible" time="0.130" /><testcase classname="backend.tests.test_production_release_33.TestStaticFiles" name="test_robots_txt_allows_all" time="0.104" /><testcase classname="backend.tests.test_production_release_33.TestStaticFiles" name="test_sitemap_xml_accessible" time="0.110" /><testcase classname="backend.tests.test_production_release_33.TestStaticFiles" name="test_sitemap_contains_ipl_guide" time="0.116" /></testsuite></testsuites>