<?xml version="1.0" encoding="utf-8"?><testsuites name="pytest tests"><testsuite name="pytest" errors="0" failures="0" skipped="0" tests="15" time="3.909" timestamp="2026-03-02T16:14:28.471284+00:00" hostname="agent-env-66ffa404-5f00-4db5-a5e0-cd37ee7a1ad0"><testcase classname="tests.test_public_launch_mvp.TestHealthAndRedis" name="test_health_endpoint" time="0.202" /><testcase classname="tests.test_public_launch_mvp.TestAuth" name="test_admin_login_success" time="0.377" /><testcase classname="tests.test_public_launch_mvp.TestEntitySportCaching" name="test_entitysport_matches_status_1" time="0.135" /><testcase classname="tests.test_public_launch_mvp.TestEntitySportCaching" name="test_entitysport_caching_performance" time="0.272" /><testcase classname="tests.test_public_launch_mvp.TestRateLimiting" name="test_auth_rate_limit_429" time="0.789" /><testcase classname="tests.test_public_launch_mvp.TestFreeBucks" name="test_freebucks_balance" time="0.461" /><testcase classname="tests.test_public_launch_mvp.TestFreeBucks" name="test_freebucks_packages" time="0.110" /><testcase classname="tests.test_public_launch_mvp.TestPayments" name="test_payment_packages" time="0.101" /><testcase classname="tests.test_public_launch_mvp.TestPayments" name="test_payment_checkout_creates_session" time="0.648" /><testcase classname="tests.test_public_launch_mvp.TestFeatureGating" name="test_get_gated_features" time="0.115" /><testcase classname="tests.test_public_launch_mvp.TestFeatureGating" name="test_check_feature_access" time="0.119" /><testcase classname="tests.test_public_launch_mvp.TestNotifications" name="test_get_notifications" time="0.106" /><testcase classname="tests.test_public_launch_mvp.TestAnalytics" name="test_analytics_dashboard" time="0.134" /><testcase classname="tests.test_public_launch_mvp.TestCacheStats" name="test_cache_stats" time="0.123" /><testcase classname="tests.test_public_launch_mvp.TestFraudAdmin" name="test_get_flagged_users" time="0.135" /></testsuite></testsuites>