<?xml version="1.0" encoding="utf-8"?><testsuites name="pytest tests"><testsuite name="pytest" errors="0" failures="0" skipped="0" tests="15" time="6.185" timestamp="2026-03-05T12:13:05.740751+00:00" hostname="agent-env-bcd1a380-978b-43d7-8b20-42cda28b3e8d"><testcase classname="backend.tests.test_push_notifications.TestPushRegister" name="test_register_returns_registered_true" time="0.705" /><testcase classname="backend.tests.test_push_notifications.TestPushRegister" name="test_register_response_has_device_type" time="0.476" /><testcase classname="backend.tests.test_push_notifications.TestPushRegister" name="test_register_upsert_same_device_type" time="0.594" /><testcase classname="backend.tests.test_push_notifications.TestPushRegister" name="test_register_requires_auth_401" time="0.102" /><testcase classname="backend.tests.test_push_notifications.TestPushRegister" name="test_register_invalid_auth_token_401" time="0.096" /><testcase classname="backend.tests.test_push_notifications.TestPushRegister" name="test_register_missing_device_token_422" time="0.439" /><testcase classname="backend.tests.test_push_notifications.TestPushRegister" name="test_register_default_device_type_android" time="0.450" /><testcase classname="backend.tests.test_push_notifications.TestPushSend" name="test_send_returns_sent_bool_and_target_user_id" time="0.429" /><testcase classname="backend.tests.test_push_notifications.TestPushSend" name="test_send_sent_is_false_without_service_account" time="0.494" /><testcase classname="backend.tests.test_push_notifications.TestPushSend" name="test_send_requires_auth_401" time="0.101" /><testcase classname="backend.tests.test_push_notifications.TestPushSend" name="test_send_with_user_id_param_targets_specific_user" time="0.437" /><testcase classname="backend.tests.test_push_notifications.TestPushSend" name="test_send_without_user_id_uses_self" time="0.446" /><testcase classname="backend.tests.test_push_notifications.TestPushSend" name="test_send_missing_title_422" time="0.460" /><testcase classname="backend.tests.test_push_notifications.TestPushSend" name="test_send_missing_body_422" time="0.450" /><testcase classname="backend.tests.test_push_notifications.TestPushSend" name="test_send_with_deep_link" time="0.439" /></testsuite></testsuites>