<?xml version="1.0" encoding="utf-8"?><testsuites name="pytest tests"><testsuite name="pytest" errors="0" failures="0" skipped="0" tests="22" time="4.481" timestamp="2026-03-09T13:04:20.964365+00:00" hostname="agent-env-58d9111a-0beb-4b16-935b-7e269143e429"><testcase classname="backend.tests.test_v2_features_32.TestSmartRouter" name="test_router_tease_pepsi_mh" time="0.224" /><testcase classname="backend.tests.test_v2_features_32.TestSmartRouter" name="test_router_tease_options_have_required_fields" time="0.159" /><testcase classname="backend.tests.test_v2_features_32.TestSmartRouter" name="test_router_tease_best_has_highest_score" time="0.170" /><testcase classname="backend.tests.test_v2_features_32.TestSmartRouter" name="test_router_skus_returns_catalog" time="0.118" /><testcase classname="backend.tests.test_v2_features_32.TestSmartRouter" name="test_router_tease_different_geo" time="0.177" /><testcase classname="backend.tests.test_v2_features_32.TestSponsoredPools" name="test_get_sponsored_pools_returns_3_seeded" time="0.221" /><testcase classname="backend.tests.test_v2_features_32.TestSponsoredPools" name="test_get_sponsored_pools_with_auth" time="0.474" /><testcase classname="backend.tests.test_v2_features_32.TestSponsoredPools" name="test_seeded_pools_have_brands" time="0.121" /><testcase classname="backend.tests.test_v2_features_32.TestSponsoredPools" name="test_join_pool_requires_auth" time="0.113" /><testcase classname="backend.tests.test_v2_features_32.TestSponsoredPools" name="test_join_pool_with_auth_invalid_id" time="0.107" /><testcase classname="backend.tests.test_v2_features_32.TestSponsoredPools" name="test_join_pool_with_valid_id" time="0.242" /><testcase classname="backend.tests.test_v2_features_32.TestQuestEngine" name="test_quest_status_requires_auth" time="0.117" /><testcase classname="backend.tests.test_v2_features_32.TestQuestEngine" name="test_quest_status_with_auth" time="0.115" /><testcase classname="backend.tests.test_v2_features_32.TestQuestEngine" name="test_quest_offer_creates_session" time="0.115" /><testcase classname="backend.tests.test_v2_features_32.TestQuestEngine" name="test_quest_offer_idempotent" time="0.703" /><testcase classname="backend.tests.test_v2_features_32.TestQuestEngine" name="test_quest_offer_requires_auth" time="0.114" /><testcase classname="backend.tests.test_v2_features_32.TestKPIRoutes" name="test_kpis_requires_admin_auth" time="0.124" /><testcase classname="backend.tests.test_v2_features_32.TestKPIRoutes" name="test_kpis_returns_403_for_non_admin" time="0.123" /><testcase classname="backend.tests.test_v2_features_32.TestKPIRoutes" name="test_kpis_with_admin_auth" time="0.481" /><testcase classname="backend.tests.test_v2_features_32.TestKPIRoutes" name="test_cohort_csv_requires_admin_auth" time="0.112" /><testcase classname="backend.tests.test_v2_features_32.TestKPIRoutes" name="test_cohort_csv_with_admin_auth" time="0.129" /><testcase classname="backend.tests.test_v2_features_32.TestKPIRoutes" name="test_cohort_csv_returns_403_for_non_admin" time="0.132" /></testsuite></testsuites>