<?xml version="1.0" encoding="utf-8"?><testsuites name="pytest tests"><testsuite name="pytest" errors="0" failures="0" skipped="0" tests="22" time="5.242" timestamp="2026-02-23T08:12:45.470300+00:00" hostname="agent-env-1bc8fdd2-2d2b-4f41-9074-928980b1b72c"><testcase classname="test_cricket_ads_giftcards.TestAuth" name="test_login_success" time="0.490" /><testcase classname="test_cricket_ads_giftcards.TestCricketMatches" name="test_get_all_matches" time="0.136" /><testcase classname="test_cricket_ads_giftcards.TestCricketMatches" name="test_get_live_matches" time="0.109" /><testcase classname="test_cricket_ads_giftcards.TestCricketMatches" name="test_get_specific_match" time="0.260" /><testcase classname="test_cricket_ads_giftcards.TestCricketMatches" name="test_get_nonexistent_match" time="0.138" /><testcase classname="test_cricket_ads_giftcards.TestCricketPredictions" name="test_predict_ball_unauthorized" time="0.141" /><testcase classname="test_cricket_ads_giftcards.TestCricketPredictions" name="test_predict_ball_authorized" time="0.538" /><testcase classname="test_cricket_ads_giftcards.TestCricketPredictions" name="test_predict_ball_invalid_prediction" time="0.112" /><testcase classname="test_cricket_ads_giftcards.TestCricketPredictions" name="test_predict_match_winner" time="0.245" /><testcase classname="test_cricket_ads_giftcards.TestCricketPredictions" name="test_predict_match_invalid_type" time="0.102" /><testcase classname="test_cricket_ads_giftcards.TestCricketLeaderboard" name="test_get_leaderboard" time="0.099" /><testcase classname="test_cricket_ads_giftcards.TestMyPredictions" name="test_get_my_predictions" time="0.107" /><testcase classname="test_cricket_ads_giftcards.TestAdsConfig" name="test_get_ad_config" time="0.105" /><testcase classname="test_cricket_ads_giftcards.TestAdsStatus" name="test_get_ad_status_unauthorized" time="0.104" /><testcase classname="test_cricket_ads_giftcards.TestAdsStatus" name="test_get_ad_status" time="0.111" /><testcase classname="test_cricket_ads_giftcards.TestAdsReward" name="test_claim_ad_reward_unauthorized" time="0.105" /><testcase classname="test_cricket_ads_giftcards.TestAdsReward" name="test_claim_ad_reward" time="1.234" /><testcase classname="test_cricket_ads_giftcards.TestGiftCardsAvailable" name="test_get_available_gift_cards_unauthorized" time="0.098" /><testcase classname="test_cricket_ads_giftcards.TestGiftCardsAvailable" name="test_get_available_gift_cards" time="0.109" /><testcase classname="test_cricket_ads_giftcards.TestGiftCardStats" name="test_get_gift_card_stats" time="0.106" /><testcase classname="test_cricket_ads_giftcards.TestEndToEndFlow" name="test_cricket_prediction_flow" time="0.306" /><testcase classname="test_cricket_ads_giftcards.TestEndToEndFlow" name="test_ads_flow" time="0.216" /></testsuite></testsuites>