<?xml version="1.0" encoding="utf-8"?><testsuites name="pytest tests"><testsuite name="pytest" errors="0" failures="0" skipped="0" tests="14" time="3.217" timestamp="2026-03-09T20:12:06.962847+00:00" hostname="agent-env-5f6cf3f3-fcfa-483c-ae66-e58ef2b1a550"><testcase classname="backend.tests.test_referral_feature.TestReferralCode" name="test_get_referral_code_authenticated" time="0.620" /><testcase classname="backend.tests.test_referral_feature.TestReferralCode" name="test_get_referral_code_unauthenticated" time="0.113" /><testcase classname="backend.tests.test_referral_feature.TestReferralCode" name="test_referral_code_is_consistent" time="0.221" /><testcase classname="backend.tests.test_referral_feature.TestReferralStats" name="test_get_referral_stats_returns_required_fields" time="0.134" /><testcase classname="backend.tests.test_referral_feature.TestReferralStats" name="test_referral_stats_code_format" time="0.170" /><testcase classname="backend.tests.test_referral_feature.TestReferralStats" name="test_referral_stats_numeric_fields" time="0.175" /><testcase classname="backend.tests.test_referral_feature.TestReferralStats" name="test_referral_stats_unauthenticated" time="0.112" /><testcase classname="backend.tests.test_referral_feature.TestReferralBind" name="test_bind_invalid_code_returns_error" time="0.126" /><testcase classname="backend.tests.test_referral_feature.TestReferralBind" name="test_bind_own_code_returns_self_referral_error" time="0.216" /><testcase classname="backend.tests.test_referral_feature.TestReferralBind" name="test_bind_empty_code_returns_error" time="0.109" /><testcase classname="backend.tests.test_referral_feature.TestReferralBind" name="test_bind_already_applied_returns_error" time="0.116" /><testcase classname="backend.tests.test_referral_feature.TestReferralBind" name="test_bind_unauthenticated_returns_401" time="0.112" /><testcase classname="backend.tests.test_referral_feature.TestReferralIntegration" name="test_stats_code_matches_code_endpoint" time="0.258" /><testcase classname="backend.tests.test_referral_feature.TestReferralIntegration" name="test_admin_has_different_code_from_test_user" time="0.670" /></testsuite></testsuites>