<?xml version="1.0" encoding="utf-8"?><testsuites name="pytest tests"><testsuite name="pytest" errors="0" failures="0" skipped="0" tests="36" time="56.718" timestamp="2026-03-05T13:27:01.955834+00:00" hostname="agent-env-bcd1a380-978b-43d7-8b20-42cda28b3e8d"><testcase classname="backend.tests.test_regression_31.TestLoginAndDashboard" name="test_login_with_admin_credentials" time="0.440" /><testcase classname="backend.tests.test_regression_31.TestLoginAndDashboard" name="test_user_has_coins_balance" time="0.443" /><testcase classname="backend.tests.test_regression_31.TestPaymentsHistory" name="test_payments_history_requires_auth" time="0.132" /><testcase classname="backend.tests.test_regression_31.TestPaymentsHistory" name="test_payments_history_returns_200" time="0.128" /><testcase classname="backend.tests.test_regression_31.TestPaymentsHistory" name="test_payments_history_structure" time="0.159" /><testcase classname="backend.tests.test_regression_31.TestPaymentsHistory" name="test_no_mongodb_id_in_history" time="0.117" /><testcase classname="backend.tests.test_regression_31.TestPaymentsHistory" name="test_coin_transactions_have_type" time="0.176" /><testcase classname="backend.tests.test_regression_31.TestAdMobRewards" name="test_admob_reward_requires_auth" time="0.116" /><testcase classname="backend.tests.test_regression_31.TestAdMobRewards" name="test_admob_reward_credits_coins" time="0.112" /><testcase classname="backend.tests.test_regression_31.TestAdMobRewards" name="test_ad_status_endpoint" time="0.144" /><testcase classname="backend.tests.test_regression_31.TestPushNotifications" name="test_push_register_requires_auth" time="0.110" /><testcase classname="backend.tests.test_regression_31.TestPushNotifications" name="test_push_register_stores_device" time="0.127" /><testcase classname="backend.tests.test_regression_31.TestPushNotifications" name="test_push_send_requires_auth" time="0.101" /><testcase classname="backend.tests.test_regression_31.TestPushNotifications" name="test_push_send_returns_sent_bool" time="0.334" /><testcase classname="backend.tests.test_regression_31.TestOTPAndResend" name="test_send_otp_returns_sent_true" time="0.439" /><testcase classname="backend.tests.test_regression_31.TestOTPAndResend" name="test_send_otp_provides_dev_otp" time="0.312" /><testcase classname="backend.tests.test_regression_31.TestOTPAndResend" name="test_verify_otp_wrong_otp_gives_specific_error" time="0.384" /><testcase classname="backend.tests.test_regression_31.TestOTPAndResend" name="test_verify_otp_expired_or_nonexistent_gives_specific_error" time="0.132" /><testcase classname="backend.tests.test_regression_31.TestOTPAndResend" name="test_otp_cooldown_enforced" time="0.397" /><testcase classname="backend.tests.test_regression_31.TestRazorpay" name="test_razorpay_status" time="0.103" /><testcase classname="backend.tests.test_regression_31.TestRazorpay" name="test_razorpay_packages" time="0.115" /><testcase classname="backend.tests.test_regression_31.TestRazorpay" name="test_razorpay_create_order_requires_auth" time="0.106" /><testcase classname="backend.tests.test_regression_31.TestRazorpay" name="test_razorpay_create_order_with_valid_package" time="0.880" /><testcase classname="backend.tests.test_regression_31.TestRazorpay" name="test_razorpay_invalid_package" time="0.126" /><testcase classname="backend.tests.test_regression_31.TestEntitySportSquads" name="test_squad_endpoint_accessible" time="0.922" /><testcase classname="backend.tests.test_regression_31.TestEntitySportSquads" name="test_squad_structure_has_team_squads" time="0.871" /><testcase classname="backend.tests.test_regression_31.TestEntitySportSquads" name="test_squad_players_have_playing11_field" time="0.885" /><testcase classname="backend.tests.test_regression_31.TestContestHub" name="test_get_match_contests" time="0.184" /><testcase classname="backend.tests.test_regression_31.TestContestHub" name="test_seed_match_contests" time="0.109" /><testcase classname="backend.tests.test_regression_31.TestContestHub" name="test_contests_have_status_field" time="0.110" /><testcase classname="backend.tests.test_regression_31.TestContestHub" name="test_voided_contest_has_correct_status" time="0.104" /><testcase classname="backend.tests.test_regression_31.TestMatchCentre" name="test_live_matches_endpoint" time="0.120" /><testcase classname="backend.tests.test_regression_31.TestMatchCentre" name="test_all_matches_endpoint" time="36.035" /><testcase classname="backend.tests.test_regression_31.TestWalletFreeBucks" name="test_freebucks_balance" time="11.376" /><testcase classname="backend.tests.test_regression_31.TestWalletFreeBucks" name="test_freebucks_packages" time="0.153" /><testcase classname="backend.tests.test_regression_31.TestV2Health" name="test_v2_health_check" time="0.107" /></testsuite></testsuites>