<?xml version="1.0" encoding="utf-8"?><testsuites name="pytest tests"><testsuite name="pytest" errors="0" failures="0" skipped="0" tests="29" time="5.014" timestamp="2026-03-10T11:39:04.911627+00:00" hostname="agent-env-356c0a2c-9db8-42f8-b8dc-dd1b38283211"><testcase classname="test_smart_router_43.TestRouterSkus" name="test_skus_status_200" time="0.290" /><testcase classname="test_smart_router_43.TestRouterSkus" name="test_skus_returns_list" time="0.137" /><testcase classname="test_smart_router_43.TestRouterSkus" name="test_skus_count_is_33" time="0.131" /><testcase classname="test_smart_router_43.TestRouterSkus" name="test_skus_have_required_fields" time="0.152" /><testcase classname="test_smart_router_43.TestRouterSkus" name="test_skus_have_valid_providers" time="0.155" /><testcase classname="test_smart_router_43.TestRouterSkus" name="test_skus_contain_chips_pack" time="0.124" /><testcase classname="test_smart_router_43.TestRouterSkus" name="test_skus_contain_salt_pack" time="0.121" /><testcase classname="test_smart_router_43.TestRouterSkus" name="test_skus_chips_pack_has_correct_price" time="0.135" /><testcase classname="test_smart_router_43.TestRouterSkus" name="test_skus_have_categories" time="0.124" /><testcase classname="test_smart_router_43.TestRouterTease" name="test_tease_basic_status" time="0.107" /><testcase classname="test_smart_router_43.TestRouterTease" name="test_tease_atta_5kg_mh_best_provider_ondc" time="0.101" /><testcase classname="test_smart_router_43.TestRouterTease" name="test_tease_atta_5kg_mh_eta_label" time="0.103" /><testcase classname="test_smart_router_43.TestRouterTease" name="test_tease_amazon_gc_100_best_provider_xoxoday" time="0.106" /><testcase classname="test_smart_router_43.TestRouterTease" name="test_tease_response_has_required_fields" time="0.131" /><testcase classname="test_smart_router_43.TestRouterTease" name="test_tease_best_has_provider_fields" time="0.116" /><testcase classname="test_smart_router_43.TestRouterTease" name="test_tease_unknown_sku_returns_not_found" time="0.103" /><testcase classname="test_smart_router_43.TestRouterTease" name="test_tease_swiggy_100_best_provider_xoxoday" time="0.109" /><testcase classname="test_smart_router_43.TestRouterSettle" name="test_settle_requires_auth" time="0.116" /><testcase classname="test_smart_router_43.TestRouterSettle" name="test_settle_ondc_sku_as_admin" time="0.453" /><testcase classname="test_smart_router_43.TestRouterSettle" name="test_settle_new_balance_present" time="0.109" /><testcase classname="test_smart_router_43.TestRouterSettle" name="test_settle_xoxoday_sku_returns_voucher" time="0.118" /><testcase classname="test_smart_router_43.TestRouterSettle" name="test_settle_invalid_sku_returns_404" time="0.107" /><testcase classname="test_smart_router_43.TestRouterSettle" name="test_settle_insufficient_coins_returns_402" time="0.540" /><testcase classname="test_smart_router_43.TestRouterKPIs" name="test_router_kpi_requires_auth" time="0.096" /><testcase classname="test_smart_router_43.TestRouterKPIs" name="test_router_kpi_non_admin_forbidden" time="0.116" /><testcase classname="test_smart_router_43.TestRouterKPIs" name="test_router_kpi_admin_success" time="0.106" /><testcase classname="test_smart_router_43.TestRouterKPIs" name="test_router_kpi_response_structure" time="0.105" /><testcase classname="test_smart_router_43.TestRouterKPIs" name="test_router_kpi_orders_structure" time="0.114" /><testcase classname="test_smart_router_43.TestRouterRateLimit" name="test_rate_limit_on_6th_request" time="0.699" /></testsuite></testsuites>