<?xml version="1.0" encoding="utf-8"?><testsuites name="pytest tests"><testsuite name="pytest" errors="0" failures="0" skipped="0" tests="16" time="2.559" timestamp="2026-03-11T07:32:17.582402+00:00" hostname="agent-env-4de77d45-dee6-4afb-acab-9a6e47803d46"><testcase classname="backend.tests.test_rummy_poker_win.TestRummyWin" name="test_rummy_win_requires_auth" time="0.225" /><testcase classname="backend.tests.test_rummy_poker_win.TestRummyWin" name="test_rummy_win_with_auth" time="0.500" /><testcase classname="backend.tests.test_rummy_poker_win.TestRummyWin" name="test_rummy_win_duplicate_returns_400" time="0.261" /><testcase classname="backend.tests.test_rummy_poker_win.TestRummyWin" name="test_rummy_win_response_structure" time="0.100" /><testcase classname="backend.tests.test_rummy_poker_win.TestPokerWin" name="test_poker_win_requires_auth" time="0.110" /><testcase classname="backend.tests.test_rummy_poker_win.TestPokerWin" name="test_poker_win_with_auth" time="0.104" /><testcase classname="backend.tests.test_rummy_poker_win.TestPokerWin" name="test_poker_win_duplicate_returns_400" time="0.203" /><testcase classname="backend.tests.test_rummy_poker_win.TestPokerWin" name="test_poker_win_coins_amount" time="0.105" /><testcase classname="backend.tests.test_rummy_poker_win.TestCardLeaderboard" name="test_card_leaderboard_returns_200" time="0.118" /><testcase classname="backend.tests.test_rummy_poker_win.TestCardLeaderboard" name="test_card_leaderboard_response_structure" time="0.106" /><testcase classname="backend.tests.test_rummy_poker_win.TestCardLeaderboard" name="test_card_leaderboard_entry_structure" time="0.102" /><testcase classname="backend.tests.test_rummy_poker_win.TestCardLeaderboard" name="test_card_leaderboard_max_10_entries" time="0.098" /><testcase classname="backend.tests.test_rummy_poker_win.TestCardStreak" name="test_card_streak_requires_auth" time="0.105" /><testcase classname="backend.tests.test_rummy_poker_win.TestCardStreak" name="test_card_streak_with_auth" time="0.141" /><testcase classname="backend.tests.test_rummy_poker_win.TestCardStreak" name="test_card_streak_response_structure" time="0.102" /><testcase classname="backend.tests.test_rummy_poker_win.TestCardStreak" name="test_card_streak_values_valid" time="0.103" /></testsuite></testsuites>