<?xml version="1.0" encoding="utf-8"?><testsuites name="pytest tests"><testsuite name="pytest" errors="0" failures="0" skipped="1" tests="32" time="6.939" timestamp="2026-03-14T20:25:14.776939+00:00" hostname="agent-env-ba08af96-1d4d-471d-95fa-b7b831df5c74"><testcase classname="backend.tests.test_security_audit_53.TestHealth" name="test_health_returns_ok" time="1.013" /><testcase classname="backend.tests.test_security_audit_53.TestAuth" name="test_login_valid_admin" time="0.400" /><testcase classname="backend.tests.test_security_audit_53.TestAuth" name="test_login_invalid_credentials" time="0.374" /><testcase classname="backend.tests.test_security_audit_53.TestAuth" name="test_login_nonexistent_user" time="0.130" /><testcase classname="backend.tests.test_security_audit_53.TestAuth" name="test_get_me_requires_auth" time="0.126" /><testcase classname="backend.tests.test_security_audit_53.TestAuth" name="test_get_me_with_valid_token" time="0.511" /><testcase classname="backend.tests.test_security_audit_53.TestAdminEndpointSecurity" name="test_analytics_no_auth_returns_401" time="0.147" /><testcase classname="backend.tests.test_security_audit_53.TestAdminEndpointSecurity" name="test_analytics_user_token_returns_403" time="0.174" /><testcase classname="backend.tests.test_security_audit_53.TestAdminEndpointSecurity" name="test_analytics_admin_token_returns_200" time="0.526" /><testcase classname="backend.tests.test_security_audit_53.TestAdminEndpointSecurity" name="test_beta_metrics_no_auth_returns_401" time="0.173" /><testcase classname="backend.tests.test_security_audit_53.TestAdminEndpointSecurity" name="test_beta_metrics_user_returns_403" time="0.148" /><testcase classname="backend.tests.test_security_audit_53.TestAdminEndpointSecurity" name="test_beta_metrics_admin_returns_200" time="0.134" /><testcase classname="backend.tests.test_security_audit_53.TestAdminEndpointSecurity" name="test_brand_roas_no_auth_returns_401" time="0.145" /><testcase classname="backend.tests.test_security_audit_53.TestAdminEndpointSecurity" name="test_brand_roas_user_returns_403" time="0.132" /><testcase classname="backend.tests.test_security_audit_53.TestAdminEndpointSecurity" name="test_brand_roas_admin_returns_200" time="0.132" /><testcase classname="backend.tests.test_security_audit_53.TestProductSecurity" name="test_get_products_public" time="0.132" /><testcase classname="backend.tests.test_security_audit_53.TestProductSecurity" name="test_create_product_no_auth_returns_401" time="0.128" /><testcase classname="backend.tests.test_security_audit_53.TestProductSecurity" name="test_create_product_user_returns_403" time="0.137" /><testcase classname="backend.tests.test_security_audit_53.TestProductSecurity" name="test_create_product_admin_succeeds" time="0.124" /><testcase classname="backend.tests.test_security_audit_53.TestUserFlows" name="test_coins_balance_requires_auth" time="0.116" /><testcase classname="backend.tests.test_security_audit_53.TestUserFlows" name="test_coins_balance_authenticated" time="0.135" /><testcase classname="backend.tests.test_security_audit_53.TestRedemption" name="test_redemption_with_insufficient_coins" time="0.202"><skipped type="pytest.skip" message="No product with positive cost found">/app/backend/tests/test_security_audit_53.py:320: No product with positive cost found</skipped></testcase><testcase classname="backend.tests.test_security_audit_53.TestCheckInRaceCondition" name="test_concurrent_checkins_only_one_succeeds" time="0.314" /><testcase classname="backend.tests.test_security_audit_53.TestAdminKPIs" name="test_kpis_no_auth_returns_401" time="0.122" /><testcase classname="backend.tests.test_security_audit_53.TestAdminKPIs" name="test_kpis_user_returns_403" time="0.124" /><testcase classname="backend.tests.test_security_audit_53.TestAdminKPIs" name="test_kpis_admin_returns_200" time="0.142" /><testcase classname="backend.tests.test_security_audit_53.TestDailyCap" name="test_rummy_win_daily_cap" time="0.130" /><testcase classname="backend.tests.test_security_audit_53.TestDailyCap" name="test_spin_daily_cap" time="0.137" /><testcase classname="backend.tests.test_security_audit_53.TestDatabaseIndexes" name="test_indexes_exist_via_admin_endpoint" time="0.151" /><testcase classname="backend.tests.test_security_audit_53.TestDatabaseIndexes" name="test_direct_index_check_via_db" time="0.135" /><testcase classname="backend.tests.test_security_audit_53.TestRateLimiter" name="test_rate_limit_in_memory_logic" time="0.220" /><testcase classname="backend.tests.test_security_audit_53.TestRateLimiter" name="test_rate_limit_after_failures_http" time="0.131" /></testsuite></testsuites>