<?xml version="1.0" encoding="utf-8"?><testsuites name="pytest tests"><testsuite name="pytest" errors="0" failures="0" skipped="0" tests="7" time="1.733" timestamp="2026-03-10T21:23:48.666580+00:00" hostname="agent-env-4de77d45-dee6-4afb-acab-9a6e47803d46"><testcase classname="backend.tests.test_teen_patti_game.TestTeenPattiWinEndpoint" name="test_endpoint_requires_auth" time="0.160" /><testcase classname="backend.tests.test_teen_patti_game.TestTeenPattiWinEndpoint" name="test_endpoint_accessible_with_auth" time="0.469" /><testcase classname="backend.tests.test_teen_patti_game.TestTeenPattiWinEndpoint" name="test_success_response_structure" time="0.144" /><testcase classname="backend.tests.test_teen_patti_game.TestTeenPattiWinEndpoint" name="test_already_claimed_returns_400" time="0.279" /><testcase classname="backend.tests.test_teen_patti_game.TestTeenPattiWinEndpoint" name="test_coins_earned_is_40" time="0.159" /><testcase classname="backend.tests.test_teen_patti_game.TestAuthEndpointHealth" name="test_login_success" time="0.339" /><testcase classname="backend.tests.test_teen_patti_game.TestAuthEndpointHealth" name="test_user_profile_accessible" time="0.123" /></testsuite></testsuites>