<?xml version="1.0" encoding="utf-8"?><testsuites name="pytest tests"><testsuite name="pytest" errors="0" failures="0" skipped="0" tests="12" time="1.848" timestamp="2026-03-05T10:52:03.839671+00:00" hostname="agent-env-bcd1a380-978b-43d7-8b20-42cda28b3e8d"><testcase classname="backend.tests.test_wallet_history.TestWalletHistoryAuth" name="test_wallet_history_requires_auth" time="0.126" /><testcase classname="backend.tests.test_wallet_history.TestWalletHistoryAuth" name="test_wallet_history_with_invalid_token" time="0.150" /><testcase classname="backend.tests.test_wallet_history.TestWalletHistoryResponse" name="test_wallet_history_returns_200" time="0.436" /><testcase classname="backend.tests.test_wallet_history.TestWalletHistoryResponse" name="test_wallet_history_returns_both_arrays" time="0.109" /><testcase classname="backend.tests.test_wallet_history.TestWalletHistoryResponse" name="test_free_bucks_purchases_is_list" time="0.110" /><testcase classname="backend.tests.test_wallet_history.TestWalletHistoryResponse" name="test_coin_transactions_is_list" time="0.101" /><testcase classname="backend.tests.test_wallet_history.TestWalletHistoryResponse" name="test_no_mongodb_id_in_response" time="0.104" /><testcase classname="backend.tests.test_wallet_history.TestWalletHistoryPurchaseStructure" name="test_purchase_fields_when_present" time="0.126" /><testcase classname="backend.tests.test_wallet_history.TestWalletHistoryPurchaseStructure" name="test_purchase_payment_status_values" time="0.138" /><testcase classname="backend.tests.test_wallet_history.TestWalletHistoryCoinTxnStructure" name="test_coin_txn_fields_when_present" time="0.135" /><testcase classname="backend.tests.test_wallet_history.TestWalletHistoryCoinTxnStructure" name="test_coin_txn_has_type_or_description" time="0.104" /><testcase classname="backend.tests.test_wallet_history.TestWalletHistoryCoinTxnStructure" name="test_coin_txn_has_timestamp" time="0.143" /></testsuite></testsuites>