<?xml version="1.0" encoding="utf-8"?><testsuites name="pytest tests"><testsuite name="pytest" errors="0" failures="0" skipped="0" tests="12" time="4.318" timestamp="2026-03-05T11:22:49.723634+00:00" hostname="agent-env-bcd1a380-978b-43d7-8b20-42cda28b3e8d"><testcase classname="backend.tests.test_admob_rewards.TestAdMobRewardAuth" name="test_reward_401_no_token" time="0.182" /><testcase classname="backend.tests.test_admob_rewards.TestAdMobRewardAuth" name="test_reward_401_invalid_token" time="0.097" /><testcase classname="backend.tests.test_admob_rewards.TestAdMobRewardAuth" name="test_ad_status_401_no_token" time="0.099" /><testcase classname="backend.tests.test_admob_rewards.TestAdMobRewardSuccess" name="test_reward_credits_20_coins" time="0.691" /><testcase classname="backend.tests.test_admob_rewards.TestAdMobRewardSuccess" name="test_reward_response_structure" time="0.446" /><testcase classname="backend.tests.test_admob_rewards.TestAdStatus" name="test_status_returns_correct_structure" time="0.126" /><testcase classname="backend.tests.test_admob_rewards.TestAdStatus" name="test_status_watched_today_reflects_reward_calls" time="0.316" /><testcase classname="backend.tests.test_admob_rewards.TestDailyLimit" name="test_daily_limit_5_calls_then_429" time="1.023" /><testcase classname="backend.tests.test_admob_rewards.TestDailyLimit" name="test_remaining_today_decrements" time="0.941" /><testcase classname="backend.tests.test_admob_rewards.TestMockAdsIntegration" name="test_mock_start_ad" time="0.101" /><testcase classname="backend.tests.test_admob_rewards.TestMockAdsIntegration" name="test_admob_reward_type_field" time="0.102" /><testcase classname="backend.tests.test_admob_rewards.TestMockAdsIntegration" name="test_admob_coins_constant_20" time="0.118" /></testsuite></testsuites>