<?xml version="1.0" encoding="utf-8"?><testsuites name="pytest tests"><testsuite name="pytest" errors="0" failures="0" skipped="3" tests="10" time="3.490" timestamp="2026-03-15T10:27:35.374716+00:00" hostname="agent-env-2c2ce6c9-02d5-44cc-b72d-7e9558a290e1"><testcase classname="backend.tests.test_ui_redesign_56.TestAdminAnalyticsRegression" name="test_admin_analytics_360_returns_200" time="1.103" /><testcase classname="backend.tests.test_ui_redesign_56.TestAdminAnalyticsRegression" name="test_admin_analytics_360_requires_auth" time="0.156" /><testcase classname="backend.tests.test_ui_redesign_56.TestAdminAnalyticsRegression" name="test_admin_analytics_360_requires_admin_role" time="0.493" /><testcase classname="backend.tests.test_ui_redesign_56.TestAnalyticsEventEndpoint" name="test_analytics_event_authenticated" time="0.488" /><testcase classname="backend.tests.test_ui_redesign_56.TestAnalyticsEventEndpoint" name="test_analytics_event_anon" time="0.095" /><testcase classname="backend.tests.test_ui_redesign_56.TestDashboardAPIEndpoints" name="test_login_test_user" time="0.323" /><testcase classname="backend.tests.test_ui_redesign_56.TestDashboardAPIEndpoints" name="test_user_profile_has_total_predictions" time="0.426" /><testcase classname="backend.tests.test_ui_redesign_56.TestDashboardAPIEndpoints" name="test_v2_matches_endpoint" time="0.149"><skipped type="pytest.skip" message="Test user login failed">/app/backend/tests/test_ui_redesign_56.py:126: Test user login failed</skipped></testcase><testcase classname="backend.tests.test_ui_redesign_56.TestDashboardAPIEndpoints" name="test_demand_progress_endpoint" time="0.098"><skipped type="pytest.skip" message="Test user login failed">/app/backend/tests/test_ui_redesign_56.py:141: Test user login failed</skipped></testcase><testcase classname="backend.tests.test_ui_redesign_56.TestDashboardAPIEndpoints" name="test_checkin_endpoint_accessible" time="0.098"><skipped type="pytest.skip" message="Test user login failed">/app/backend/tests/test_ui_redesign_56.py:155: Test user login failed</skipped></testcase></testsuite></testsuites>