<?xml version="1.0" encoding="utf-8"?><testsuites name="pytest tests"><testsuite name="pytest" errors="0" failures="0" skipped="0" tests="32" time="5.082" timestamp="2026-02-27T12:14:51.959063+00:00" hostname="agent-env-fd60a8d1-24fb-485e-89de-aafadf67e6f4"><testcase classname="tests.test_v2_api.TestV2AuthAndSetup" name="test_admin_login" time="0.451" /><testcase classname="tests.test_v2_api.TestV2AdminMatchControl" name="test_create_test_match" time="0.116" /><testcase classname="tests.test_v2_api.TestV2AdminMatchControl" name="test_advance_test_match" time="0.742" /><testcase classname="tests.test_v2_api.TestV2AdminMatchControl" name="test_set_feature_flag" time="0.107" /><testcase classname="tests.test_v2_api.TestV2AdminMatchControl" name="test_get_feature_flags" time="0.105" /><testcase classname="tests.test_v2_api.TestV2Contests" name="test_create_public_contest" time="0.109" /><testcase classname="tests.test_v2_api.TestV2Contests" name="test_create_private_contest" time="0.112" /><testcase classname="tests.test_v2_api.TestV2Contests" name="test_join_contest" time="0.113" /><testcase classname="tests.test_v2_api.TestV2Contests" name="test_join_duplicate_prevention" time="0.106" /><testcase classname="tests.test_v2_api.TestV2Contests" name="test_join_by_invite_code" time="0.109" /><testcase classname="tests.test_v2_api.TestV2Contests" name="test_get_my_contests" time="0.108" /><testcase classname="tests.test_v2_api.TestV2Predictions" name="test_get_prediction_types" time="0.111" /><testcase classname="tests.test_v2_api.TestV2Predictions" name="test_submit_prediction" time="0.131" /><testcase classname="tests.test_v2_api.TestV2Predictions" name="test_idempotent_prediction" time="0.103" /><testcase classname="tests.test_v2_api.TestV2Predictions" name="test_get_my_predictions" time="0.112" /><testcase classname="tests.test_v2_api.TestV2Predictions" name="test_get_prediction_stats" time="0.105" /><testcase classname="tests.test_v2_api.TestV2Cards" name="test_get_card_types" time="0.117" /><testcase classname="tests.test_v2_api.TestV2Cards" name="test_get_card_inventory" time="0.142" /><testcase classname="tests.test_v2_api.TestV2Ledger" name="test_get_ledger_balance" time="0.107" /><testcase classname="tests.test_v2_api.TestV2Ledger" name="test_get_ledger_history" time="0.116" /><testcase classname="tests.test_v2_api.TestV2Ads" name="test_get_ad_status" time="0.109" /><testcase classname="tests.test_v2_api.TestV2Ads" name="test_start_ad" time="0.109" /><testcase classname="tests.test_v2_api.TestV2Ads" name="test_complete_ad" time="0.121" /><testcase classname="tests.test_v2_api.TestV2Referral" name="test_get_referral_code" time="0.116" /><testcase classname="tests.test_v2_api.TestV2Referral" name="test_get_referral_stats" time="0.106" /><testcase classname="tests.test_v2_api.TestV2Referral" name="test_self_referral_prevention" time="0.103" /><testcase classname="tests.test_v2_api.TestV2AdminResolveOver" name="test_resolve_over" time="0.107" /><testcase classname="tests.test_v2_api.TestV2AdminWallet" name="test_adjust_coins" time="0.111" /><testcase classname="tests.test_v2_api.TestV2MatchState" name="test_get_live_matches" time="0.137" /><testcase classname="tests.test_v2_api.TestV2MatchState" name="test_get_all_matches" time="0.097" /><testcase classname="tests.test_v2_api.TestV2MatchState" name="test_get_match_state" time="0.107" /><testcase classname="tests.test_v2_api.TestFullFlow" name="test_full_prediction_flow" time="0.538" /></testsuite></testsuites>